---------- Date: 2017-04-04 00:27:10 ~ IP : 141.8.132.11 ----------
REQUEST URI : /
MOD DETAILS:
   modFile   : /var/www/u0155139/data/www/krep-stroy.ru/vqmod/xml/related_options.xml
   id        : Связанные опции
   version   : 1.67
   vqmver    : 2.X
   author    : opencart@19th19th.ru

File Name    : /system/library/cart.php(0)
VQModObject::applyMod - SEARCH NOT FOUND (ABORTING MOD): $price = $product_query->row['price'];

----------------------------------------------------------------------


---------- Date: 2017-04-04 00:29:30 ~ IP : 66.249.76.81 ----------
REQUEST URI : /index.php?route=product/product&amp;path=96&amp;product_id=4437
MOD DETAILS:
   modFile   : /var/www/u0155139/data/www/krep-stroy.ru/vqmod/xml/related_options.xml
   id        : Связанные опции
   version   : 1.67
   vqmver    : 2.X
   author    : opencart@19th19th.ru

File Name    : /system/library/cart.php(0)
VQModObject::applyMod - SEARCH NOT FOUND (ABORTING MOD): $price = $product_query->row['price'];

----------------------------------------------------------------------


---------- Date: 2017-04-04 00:29:42 ~ IP : 66.249.76.77 ----------
REQUEST URI : /pechi-kaminy/drovnica-kovanaya-vezuvij-d160-sv-drovnica-kovanaya-vezuvij
MOD DETAILS:
   modFile   : /var/www/u0155139/data/www/krep-stroy.ru/vqmod/xml/related_options.xml
   id        : Связанные опции
   version   : 1.67
   vqmver    : 2.X
   author    : opencart@19th19th.ru

File Name    : /system/library/cart.php(0)
VQModObject::applyMod - SEARCH NOT FOUND (ABORTING MOD): $price = $product_query->row['price'];

----------------------------------------------------------------------


---------- Date: 2017-04-04 00:39:18 ~ IP : 66.249.76.79 ----------
REQUEST URI : /dacha-i-sad/kultivatory-i-aeratory/kultivator-kb-4-elitech-kultivator-kb-4-elitech-kultivatory
MOD DETAILS:
   modFile   : /var/www/u0155139/data/www/krep-stroy.ru/vqmod/xml/related_options.xml
   id        : Связанные опции
   version   : 1.67
   vqmver    : 2.X
   author    : opencart@19th19th.ru

File Name    : /system/library/cart.php(0)
VQModObject::applyMod - SEARCH NOT FOUND (ABORTING MOD): $price = $product_query->row['price'];

----------------------------------------------------------------------


---------- Date: 2017-04-04 00:41:54 ~ IP : 66.249.76.81 ----------
REQUEST URI : /index.php?route=product/product&amp;path=96_168&amp;product_id=4406
MOD DETAILS:
   modFile   : /var/www/u0155139/data/www/krep-stroy.ru/vqmod/xml/related_options.xml
   id        : Связанные опции
   version   : 1.67
   vqmver    : 2.X
   author    : opencart@19th19th.ru

File Name    : /system/library/cart.php(0)
VQModObject::applyMod - SEARCH NOT FOUND (ABORTING MOD): $price = $product_query->row['price'];

----------------------------------------------------------------------


---------- Date: 2017-04-04 00:41:55 ~ IP : 66.249.76.79 ----------
REQUEST URI : /pechi-kaminy/aksessuary-dlya-bani/shapochka-dlya-bani-i-sauny-furazhka-shapochka-dlya-bani-i-s
MOD DETAILS:
   modFile   : /var/www/u0155139/data/www/krep-stroy.ru/vqmod/xml/related_options.xml
   id        : Связанные опции
   version   : 1.67
   vqmver    : 2.X
   author    : opencart@19th19th.ru

File Name    : /system/library/cart.php(0)
VQModObject::applyMod - SEARCH NOT FOUND (ABORTING MOD): $price = $product_query->row['price'];

----------------------------------------------------------------------


---------- Date: 2017-04-04 00:53:25 ~ IP : 66.249.76.79 ----------
REQUEST URI : /index.php?route=product/product&amp;path=96&amp;product_id=4689
MOD DETAILS:
   modFile   : /var/www/u0155139/data/www/krep-stroy.ru/vqmod/xml/related_options.xml
   id        : Связанные опции
   version   : 1.67
   vqmver    : 2.X
   author    : opencart@19th19th.ru

File Name    : /system/library/cart.php(0)
VQModObject::applyMod - SEARCH NOT FOUND (ABORTING MOD): $price = $product_query->row['price'];

----------------------------------------------------------------------


---------- Date: 2017-04-04 00:53:28 ~ IP : 66.249.76.81 ----------
REQUEST URI : /pechi-kaminy/barbekyu-gril-greivari-weekend-barbekyu-gril-greivari-weeken
MOD DETAILS:
   modFile   : /var/www/u0155139/data/www/krep-stroy.ru/vqmod/xml/related_options.xml
   id        : Связанные опции
   version   : 1.67
   vqmver    : 2.X
   author    : opencart@19th19th.ru

File Name    : /system/library/cart.php(0)
VQModObject::applyMod - SEARCH NOT FOUND (ABORTING MOD): $price = $product_query->row['price'];

----------------------------------------------------------------------


---------- Date: 2017-04-04 00:54:06 ~ IP : 141.8.142.36 ----------
REQUEST URI : /pechi-kaminy/dymohody/opornyj-kronshtejn-vezuvij-opornyj-kronshtejn-vezuvij-vezuvi
MOD DETAILS:
   modFile   : /var/www/u0155139/data/www/krep-stroy.ru/vqmod/xml/related_options.xml
   id        : Связанные опции
   version   : 1.67
   vqmver    : 2.X
   author    : opencart@19th19th.ru

File Name    : /system/library/cart.php(0)
VQModObject::applyMod - SEARCH NOT FOUND (ABORTING MOD): $price = $product_query->row['price'];

----------------------------------------------------------------------


---------- Date: 2017-04-04 01:21:11 ~ IP : 66.249.76.77 ----------
REQUEST URI : /index.php?route=product/product&amp;path=96&amp;product_id=3804
MOD DETAILS:
   modFile   : /var/www/u0155139/data/www/krep-stroy.ru/vqmod/xml/related_options.xml
   id        : Связанные опции
   version   : 1.67
   vqmver    : 2.X
   author    : opencart@19th19th.ru

File Name    : /system/library/cart.php(0)
VQModObject::applyMod - SEARCH NOT FOUND (ABORTING MOD): $price = $product_query->row['price'];

----------------------------------------------------------------------


---------- Date: 2017-04-04 01:21:13 ~ IP : 66.249.66.92 ----------
REQUEST URI : /pechi-kaminy/drovyanaya-pech-dlya-bani-narvi-nm-wt-drovyanaya-pech-dlya-b
MOD DETAILS:
   modFile   : /var/www/u0155139/data/www/krep-stroy.ru/vqmod/xml/related_options.xml
   id        : Связанные опции
   version   : 1.67
   vqmver    : 2.X
   author    : opencart@19th19th.ru

File Name    : /system/library/cart.php(0)
VQModObject::applyMod - SEARCH NOT FOUND (ABORTING MOD): $price = $product_query->row['price'];

----------------------------------------------------------------------


---------- Date: 2017-04-04 01:21:56 ~ IP : 66.249.76.79 ----------
REQUEST URI : /index.php?route=product/product&amp;path=96_170&amp;product_id=4606
MOD DETAILS:
   modFile   : /var/www/u0155139/data/www/krep-stroy.ru/vqmod/xml/related_options.xml
   id        : Связанные опции
   version   : 1.67
   vqmver    : 2.X
   author    : opencart@19th19th.ru

File Name    : /system/library/cart.php(0)
VQModObject::applyMod - SEARCH NOT FOUND (ABORTING MOD): $price = $product_query->row['price'];

----------------------------------------------------------------------


---------- Date: 2017-04-04 01:21:59 ~ IP : 66.249.76.79 ----------
REQUEST URI : /pechi-kaminy/soputstvuyushie-tovary/krovelnyj-prohodnik-masterflesh-silikonovyj-pryamoj-8-krovel
MOD DETAILS:
   modFile   : /var/www/u0155139/data/www/krep-stroy.ru/vqmod/xml/related_options.xml
   id        : Связанные опции
   version   : 1.67
   vqmver    : 2.X
   author    : opencart@19th19th.ru

File Name    : /system/library/cart.php(0)
VQModObject::applyMod - SEARCH NOT FOUND (ABORTING MOD): $price = $product_query->row['price'];

----------------------------------------------------------------------


---------- Date: 2017-04-04 01:28:30 ~ IP : 141.8.142.36 ----------
REQUEST URI : /pechi-kaminy/pech-kamin-vezuvij-pelletnaya-pkp-30-pech-kamin-vezuvij-pell
MOD DETAILS:
   modFile   : /var/www/u0155139/data/www/krep-stroy.ru/vqmod/xml/related_options.xml
   id        : Связанные опции
   version   : 1.67
   vqmver    : 2.X
   author    : opencart@19th19th.ru

File Name    : /system/library/cart.php(0)
VQModObject::applyMod - SEARCH NOT FOUND (ABORTING MOD): $price = $product_query->row['price'];

----------------------------------------------------------------------


---------- Date: 2017-04-04 01:56:43 ~ IP : 66.249.76.81 ----------
REQUEST URI : /index.php?route=product/product&amp;path=96_166&amp;product_id=4291
MOD DETAILS:
   modFile   : /var/www/u0155139/data/www/krep-stroy.ru/vqmod/xml/related_options.xml
   id        : Связанные опции
   version   : 1.67
   vqmver    : 2.X
   author    : opencart@19th19th.ru

File Name    : /system/library/cart.php(0)
VQModObject::applyMod - SEARCH NOT FOUND (ABORTING MOD): $price = $product_query->row['price'];

----------------------------------------------------------------------


---------- Date: 2017-04-04 01:56:46 ~ IP : 66.249.76.81 ----------
REQUEST URI : /pechi-kaminy/kaminnoe-pechnoe-lite/dverka-kaminnaya-dtk-b-dverka-kaminnaya-dtk-b-balezino-pechi
MOD DETAILS:
   modFile   : /var/www/u0155139/data/www/krep-stroy.ru/vqmod/xml/related_options.xml
   id        : Связанные опции
   version   : 1.67
   vqmver    : 2.X
   author    : opencart@19th19th.ru

File Name    : /system/library/cart.php(0)
VQModObject::applyMod - SEARCH NOT FOUND (ABORTING MOD): $price = $product_query->row['price'];

----------------------------------------------------------------------


---------- Date: 2017-04-04 02:08:41 ~ IP : 212.109.217.105 ----------
REQUEST URI : /
MOD DETAILS:
   modFile   : /var/www/u0155139/data/www/krep-stroy.ru/vqmod/xml/related_options.xml
   id        : Связанные опции
   version   : 1.67
   vqmver    : 2.X
   author    : opencart@19th19th.ru

File Name    : /system/library/cart.php(0)
VQModObject::applyMod - SEARCH NOT FOUND (ABORTING MOD): $price = $product_query->row['price'];

----------------------------------------------------------------------


---------- Date: 2017-04-04 02:12:16 ~ IP : 141.8.142.100 ----------
REQUEST URI : /pechi-kaminy/soputstvuyushie-tovary/klej-termostojkij-lk-klej-termostojkij-lk-lk-pechi-kaminy
MOD DETAILS:
   modFile   : /var/www/u0155139/data/www/krep-stroy.ru/vqmod/xml/related_options.xml
   id        : Связанные опции
   version   : 1.67
   vqmver    : 2.X
   author    : opencart@19th19th.ru

File Name    : /system/library/cart.php(0)
VQModObject::applyMod - SEARCH NOT FOUND (ABORTING MOD): $price = $product_query->row['price'];

----------------------------------------------------------------------


---------- Date: 2017-04-04 02:44:34 ~ IP : 66.249.66.95 ----------
REQUEST URI : /index.php?route=product/product&amp;path=96&amp;product_id=4611
MOD DETAILS:
   modFile   : /var/www/u0155139/data/www/krep-stroy.ru/vqmod/xml/related_options.xml
   id        : Связанные опции
   version   : 1.67
   vqmver    : 2.X
   author    : opencart@19th19th.ru

File Name    : /system/library/cart.php(0)
VQModObject::applyMod - SEARCH NOT FOUND (ABORTING MOD): $price = $product_query->row['price'];

----------------------------------------------------------------------


---------- Date: 2017-04-04 02:44:37 ~ IP : 66.249.76.79 ----------
REQUEST URI : /pechi-kaminy/bazaltovaya-vata-folgirovannaya-rockwool-1000h600h30-8-shtuk
MOD DETAILS:
   modFile   : /var/www/u0155139/data/www/krep-stroy.ru/vqmod/xml/related_options.xml
   id        : Связанные опции
   version   : 1.67
   vqmver    : 2.X
   author    : opencart@19th19th.ru

File Name    : /system/library/cart.php(0)
VQModObject::applyMod - SEARCH NOT FOUND (ABORTING MOD): $price = $product_query->row['price'];

----------------------------------------------------------------------


---------- Date: 2017-04-04 02:48:18 ~ IP : 66.249.66.92 ----------
REQUEST URI : /strojmaterialy/krepezh-metizy/cepi-soediniteli
MOD DETAILS:
   modFile   : /var/www/u0155139/data/www/krep-stroy.ru/vqmod/xml/related_options.xml
   id        : Связанные опции
   version   : 1.67
   vqmver    : 2.X
   author    : opencart@19th19th.ru

File Name    : /system/library/cart.php(0)
VQModObject::applyMod - SEARCH NOT FOUND (ABORTING MOD): $price = $product_query->row['price'];

----------------------------------------------------------------------


---------- Date: 2017-04-04 02:50:08 ~ IP : 66.249.66.89 ----------
REQUEST URI : /instrument-i-oborudovanie/elektroinstrument/frezery/frezer-f-1355e-elitech-frezer-f-1355e-elitech-frezery
MOD DETAILS:
   modFile   : /var/www/u0155139/data/www/krep-stroy.ru/vqmod/xml/related_options.xml
   id        : Связанные опции
   version   : 1.67
   vqmver    : 2.X
   author    : opencart@19th19th.ru

File Name    : /system/library/cart.php(0)
VQModObject::applyMod - SEARCH NOT FOUND (ABORTING MOD): $price = $product_query->row['price'];

----------------------------------------------------------------------


---------- Date: 2017-04-04 02:50:53 ~ IP : 66.249.76.77 ----------
REQUEST URI : /index.php?route=product/product&amp;path=96_165&amp;product_id=4192
MOD DETAILS:
   modFile   : /var/www/u0155139/data/www/krep-stroy.ru/vqmod/xml/related_options.xml
   id        : Связанные опции
   version   : 1.67
   vqmver    : 2.X
   author    : opencart@19th19th.ru

File Name    : /system/library/cart.php(0)
VQModObject::applyMod - SEARCH NOT FOUND (ABORTING MOD): $price = $product_query->row['price'];

----------------------------------------------------------------------


---------- Date: 2017-04-04 02:50:54 ~ IP : 66.249.76.77 ----------
REQUEST URI : /pechi-kaminy/dymohody/odnohodovoj-dymohod-s-ventilyacionnym-kanalom-schiedel-uni-2
MOD DETAILS:
   modFile   : /var/www/u0155139/data/www/krep-stroy.ru/vqmod/xml/related_options.xml
   id        : Связанные опции
   version   : 1.67
   vqmver    : 2.X
   author    : opencart@19th19th.ru

File Name    : /system/library/cart.php(0)
VQModObject::applyMod - SEARCH NOT FOUND (ABORTING MOD): $price = $product_query->row['price'];

----------------------------------------------------------------------


---------- Date: 2017-04-04 03:14:42 ~ IP : 66.249.76.77 ----------
REQUEST URI : /pechi-kaminy/kaminy/kaminnye-topki
MOD DETAILS:
   modFile   : /var/www/u0155139/data/www/krep-stroy.ru/vqmod/xml/related_options.xml
   id        : Связанные опции
   version   : 1.67
   vqmver    : 2.X
   author    : opencart@19th19th.ru

File Name    : /system/library/cart.php(0)
VQModObject::applyMod - SEARCH NOT FOUND (ABORTING MOD): $price = $product_query->row['price'];

----------------------------------------------------------------------


---------- Date: 2017-04-04 03:23:37 ~ IP : 37.115.191.53 ----------
REQUEST URI : /pechi-kaminy/kaminnaya-oblicovka-lk-elit-uglovaya-kaminnaya-oblicovka-lk/
MOD DETAILS:
   modFile   : /var/www/u0155139/data/www/krep-stroy.ru/vqmod/xml/related_options.xml
   id        : Связанные опции
   version   : 1.67
   vqmver    : 2.X
   author    : opencart@19th19th.ru

File Name    : /system/library/cart.php(0)
VQModObject::applyMod - SEARCH NOT FOUND (ABORTING MOD): $price = $product_query->row['price'];

----------------------------------------------------------------------


---------- Date: 2017-04-04 03:23:37 ~ IP : 66.249.76.77 ----------
REQUEST URI : /index.php?route=product/product&amp;path=96&amp;product_id=4560
MOD DETAILS:
   modFile   : /var/www/u0155139/data/www/krep-stroy.ru/vqmod/xml/related_options.xml
   id        : Связанные опции
   version   : 1.67
   vqmver    : 2.X
   author    : opencart@19th19th.ru

File Name    : /system/library/cart.php(0)
VQModObject::applyMod - SEARCH NOT FOUND (ABORTING MOD): $price = $product_query->row['price'];

----------------------------------------------------------------------


---------- Date: 2017-04-04 03:23:38 ~ IP : 37.115.191.53 ----------
REQUEST URI : /pechi-kaminy/kaminnaya-oblicovka-lk-elit-uglovaya-kaminnaya-oblicovka-lk/
MOD DETAILS:
   modFile   : /var/www/u0155139/data/www/krep-stroy.ru/vqmod/xml/related_options.xml
   id        : Связанные опции
   version   : 1.67
   vqmver    : 2.X
   author    : opencart@19th19th.ru

File Name    : /system/library/cart.php(0)
VQModObject::applyMod - SEARCH NOT FOUND (ABORTING MOD): $price = $product_query->row['price'];

----------------------------------------------------------------------


---------- Date: 2017-04-04 03:23:39 ~ IP : 66.249.66.95 ----------
REQUEST URI : /pechi-kaminy/plita-talkohlorit-300h300h10mm-plita-talkohlorit-300h300h10m
MOD DETAILS:
   modFile   : /var/www/u0155139/data/www/krep-stroy.ru/vqmod/xml/related_options.xml
   id        : Связанные опции
   version   : 1.67
   vqmver    : 2.X
   author    : opencart@19th19th.ru

File Name    : /system/library/cart.php(0)
VQModObject::applyMod - SEARCH NOT FOUND (ABORTING MOD): $price = $product_query->row['price'];

----------------------------------------------------------------------


---------- Date: 2017-04-04 03:24:43 ~ IP : 66.249.76.81 ----------
REQUEST URI : /strojmaterialy/krepezh-metizy/cepi-soediniteli/kryuk-takelazhnuj-gryzovoj-din-689
MOD DETAILS:
   modFile   : /var/www/u0155139/data/www/krep-stroy.ru/vqmod/xml/related_options.xml
   id        : Связанные опции
   version   : 1.67
   vqmver    : 2.X
   author    : opencart@19th19th.ru

File Name    : /system/library/cart.php(0)
VQModObject::applyMod - SEARCH NOT FOUND (ABORTING MOD): $price = $product_query->row['price'];

----------------------------------------------------------------------


---------- Date: 2017-04-04 03:25:56 ~ IP : 66.249.76.77 ----------
REQUEST URI : /instrument-i-oborudovanie/stanki/stanki-derevoobrabatyvayushie-universalnye/stanok-universa-sdu-2200-elitech-stanok-universa-sdu-2200-el
MOD DETAILS:
   modFile   : /var/www/u0155139/data/www/krep-stroy.ru/vqmod/xml/related_options.xml
   id        : Связанные опции
   version   : 1.67
   vqmver    : 2.X
   author    : opencart@19th19th.ru

File Name    : /system/library/cart.php(0)
VQModObject::applyMod - SEARCH NOT FOUND (ABORTING MOD): $price = $product_query->row['price'];

----------------------------------------------------------------------


---------- Date: 2017-04-04 04:22:22 ~ IP : 89.110.8.155 ----------
REQUEST URI : /contact-us/
MOD DETAILS:
   modFile   : /var/www/u0155139/data/www/krep-stroy.ru/vqmod/xml/related_options.xml
   id        : Связанные опции
   version   : 1.67
   vqmver    : 2.X
   author    : opencart@19th19th.ru

File Name    : /system/library/cart.php(0)
VQModObject::applyMod - SEARCH NOT FOUND (ABORTING MOD): $price = $product_query->row['price'];

----------------------------------------------------------------------


---------- Date: 2017-04-04 04:22:23 ~ IP : 89.110.8.155 ----------
REQUEST URI : /contact-us
MOD DETAILS:
   modFile   : /var/www/u0155139/data/www/krep-stroy.ru/vqmod/xml/related_options.xml
   id        : Связанные опции
   version   : 1.67
   vqmver    : 2.X
   author    : opencart@19th19th.ru

File Name    : /system/library/cart.php(0)
VQModObject::applyMod - SEARCH NOT FOUND (ABORTING MOD): $price = $product_query->row['price'];

----------------------------------------------------------------------


---------- Date: 2017-04-04 04:22:25 ~ IP : 89.110.8.155 ----------
REQUEST URI : /contact-us
MOD DETAILS:
   modFile   : /var/www/u0155139/data/www/krep-stroy.ru/vqmod/xml/related_options.xml
   id        : Связанные опции
   version   : 1.67
   vqmver    : 2.X
   author    : opencart@19th19th.ru

File Name    : /system/library/cart.php(0)
VQModObject::applyMod - SEARCH NOT FOUND (ABORTING MOD): $price = $product_query->row['price'];

----------------------------------------------------------------------


---------- Date: 2017-04-04 04:22:29 ~ IP : 89.110.8.155 ----------
REQUEST URI : /index.php?route=account/login
MOD DETAILS:
   modFile   : /var/www/u0155139/data/www/krep-stroy.ru/vqmod/xml/related_options.xml
   id        : Связанные опции
   version   : 1.67
   vqmver    : 2.X
   author    : opencart@19th19th.ru

File Name    : /system/library/cart.php(0)
VQModObject::applyMod - SEARCH NOT FOUND (ABORTING MOD): $price = $product_query->row['price'];

----------------------------------------------------------------------


---------- Date: 2017-04-04 04:22:30 ~ IP : 89.110.8.155 ----------
REQUEST URI : /login
MOD DETAILS:
   modFile   : /var/www/u0155139/data/www/krep-stroy.ru/vqmod/xml/related_options.xml
   id        : Связанные опции
   version   : 1.67
   vqmver    : 2.X
   author    : opencart@19th19th.ru

File Name    : /system/library/cart.php(0)
VQModObject::applyMod - SEARCH NOT FOUND (ABORTING MOD): $price = $product_query->row['price'];

----------------------------------------------------------------------


---------- Date: 2017-04-04 04:22:31 ~ IP : 89.110.8.155 ----------
REQUEST URI : /login
MOD DETAILS:
   modFile   : /var/www/u0155139/data/www/krep-stroy.ru/vqmod/xml/related_options.xml
   id        : Связанные опции
   version   : 1.67
   vqmver    : 2.X
   author    : opencart@19th19th.ru

File Name    : /system/library/cart.php(0)
VQModObject::applyMod - SEARCH NOT FOUND (ABORTING MOD): $price = $product_query->row['price'];

----------------------------------------------------------------------


---------- Date: 2017-04-04 04:22:35 ~ IP : 89.110.8.155 ----------
REQUEST URI : /contact-us
MOD DETAILS:
   modFile   : /var/www/u0155139/data/www/krep-stroy.ru/vqmod/xml/related_options.xml
   id        : Связанные опции
   version   : 1.67
   vqmver    : 2.X
   author    : opencart@19th19th.ru

File Name    : /system/library/cart.php(0)
VQModObject::applyMod - SEARCH NOT FOUND (ABORTING MOD): $price = $product_query->row['price'];

----------------------------------------------------------------------


---------- Date: 2017-04-04 04:33:26 ~ IP : 46.118.115.43 ----------
REQUEST URI : /pechi-kaminy/kaminnaya-oblicovka-lk-elit-uglovaya-kaminnaya-oblicovka-lk/
MOD DETAILS:
   modFile   : /var/www/u0155139/data/www/krep-stroy.ru/vqmod/xml/related_options.xml
   id        : Связанные опции
   version   : 1.67
   vqmver    : 2.X
   author    : opencart@19th19th.ru

File Name    : /system/library/cart.php(0)
VQModObject::applyMod - SEARCH NOT FOUND (ABORTING MOD): $price = $product_query->row['price'];

----------------------------------------------------------------------


---------- Date: 2017-04-04 04:33:27 ~ IP : 46.118.115.43 ----------
REQUEST URI : /pechi-kaminy/kaminnaya-oblicovka-lk-elit-uglovaya-kaminnaya-oblicovka-lk/
MOD DETAILS:
   modFile   : /var/www/u0155139/data/www/krep-stroy.ru/vqmod/xml/related_options.xml
   id        : Связанные опции
   version   : 1.67
   vqmver    : 2.X
   author    : opencart@19th19th.ru

File Name    : /system/library/cart.php(0)
VQModObject::applyMod - SEARCH NOT FOUND (ABORTING MOD): $price = $product_query->row['price'];

----------------------------------------------------------------------


---------- Date: 2017-04-04 04:39:09 ~ IP : 176.194.143.84 ----------
REQUEST URI : /contact-us/
MOD DETAILS:
   modFile   : /var/www/u0155139/data/www/krep-stroy.ru/vqmod/xml/related_options.xml
   id        : Связанные опции
   version   : 1.67
   vqmver    : 2.X
   author    : opencart@19th19th.ru

File Name    : /system/library/cart.php(0)
VQModObject::applyMod - SEARCH NOT FOUND (ABORTING MOD): $price = $product_query->row['price'];

----------------------------------------------------------------------


---------- Date: 2017-04-04 04:39:10 ~ IP : 176.194.143.84 ----------
REQUEST URI : /contact-us
MOD DETAILS:
   modFile   : /var/www/u0155139/data/www/krep-stroy.ru/vqmod/xml/related_options.xml
   id        : Связанные опции
   version   : 1.67
   vqmver    : 2.X
   author    : opencart@19th19th.ru

File Name    : /system/library/cart.php(0)
VQModObject::applyMod - SEARCH NOT FOUND (ABORTING MOD): $price = $product_query->row['price'];

----------------------------------------------------------------------


---------- Date: 2017-04-04 04:39:10 ~ IP : 176.194.143.84 ----------
REQUEST URI : /index.php?route=information/contact/captcha
MOD DETAILS:
   modFile   : /var/www/u0155139/data/www/krep-stroy.ru/vqmod/xml/related_options.xml
   id        : Связанные опции
   version   : 1.67
   vqmver    : 2.X
   author    : opencart@19th19th.ru

File Name    : /system/library/cart.php(0)
VQModObject::applyMod - SEARCH NOT FOUND (ABORTING MOD): $price = $product_query->row['price'];

----------------------------------------------------------------------


---------- Date: 2017-04-04 04:39:11 ~ IP : 176.194.143.84 ----------
REQUEST URI : /contact-us
MOD DETAILS:
   modFile   : /var/www/u0155139/data/www/krep-stroy.ru/vqmod/xml/related_options.xml
   id        : Связанные опции
   version   : 1.67
   vqmver    : 2.X
   author    : opencart@19th19th.ru

File Name    : /system/library/cart.php(0)
VQModObject::applyMod - SEARCH NOT FOUND (ABORTING MOD): $price = $product_query->row['price'];

----------------------------------------------------------------------


---------- Date: 2017-04-04 04:39:11 ~ IP : 176.194.143.84 ----------
REQUEST URI : /index.php?route=information/contact/success
MOD DETAILS:
   modFile   : /var/www/u0155139/data/www/krep-stroy.ru/vqmod/xml/related_options.xml
   id        : Связанные опции
   version   : 1.67
   vqmver    : 2.X
   author    : opencart@19th19th.ru

File Name    : /system/library/cart.php(0)
VQModObject::applyMod - SEARCH NOT FOUND (ABORTING MOD): $price = $product_query->row['price'];

MOD DETAILS:
   modFile   : /var/www/u0155139/data/www/krep-stroy.ru/vqmod/xml/bread crumbs.xml
   id        : Bread crumbs
   version   : 1.0
   vqmver    : 2.4.1
   author    : AnOcToJI

File Name    : catalog/view/theme/*/template/common/success.tpl(0)
VQModObject::applyMod - SEARCH NOT FOUND (ABORTING MOD): <?php foreach ($breadcrumbs as $breadcrumb) { ?>

----------------------------------------------------------------------


---------- Date: 2017-04-04 04:43:39 ~ IP : 141.8.132.11 ----------
REQUEST URI : /strojmaterialy/krepezh-metizy/homuty-skoby-styazhki/homyt-rybber-skoba-rezinoarmirovannaya-
MOD DETAILS:
   modFile   : /var/www/u0155139/data/www/krep-stroy.ru/vqmod/xml/related_options.xml
   id        : Связанные опции
   version   : 1.67
   vqmver    : 2.X
   author    : opencart@19th19th.ru

File Name    : /system/library/cart.php(0)
VQModObject::applyMod - SEARCH NOT FOUND (ABORTING MOD): $price = $product_query->row['price'];

----------------------------------------------------------------------


---------- Date: 2017-04-04 04:44:16 ~ IP : 141.8.142.36 ----------
REQUEST URI : /index.php?route=product/product/review&amp;product_id=412
MOD DETAILS:
   modFile   : /var/www/u0155139/data/www/krep-stroy.ru/vqmod/xml/related_options.xml
   id        : Связанные опции
   version   : 1.67
   vqmver    : 2.X
   author    : opencart@19th19th.ru

File Name    : /system/library/cart.php(0)
VQModObject::applyMod - SEARCH NOT FOUND (ABORTING MOD): $price = $product_query->row['price'];

----------------------------------------------------------------------


---------- Date: 2017-04-04 04:46:05 ~ IP : 46.118.122.226 ----------
REQUEST URI : /pechi-kaminy/kaminnaya-oblicovka-lk-elit-uglovaya-kaminnaya-oblicovka-lk/
MOD DETAILS:
   modFile   : /var/www/u0155139/data/www/krep-stroy.ru/vqmod/xml/related_options.xml
   id        : Связанные опции
   version   : 1.67
   vqmver    : 2.X
   author    : opencart@19th19th.ru

File Name    : /system/library/cart.php(0)
VQModObject::applyMod - SEARCH NOT FOUND (ABORTING MOD): $price = $product_query->row['price'];

----------------------------------------------------------------------


---------- Date: 2017-04-04 04:46:06 ~ IP : 46.118.122.226 ----------
REQUEST URI : /pechi-kaminy/kaminnaya-oblicovka-lk-elit-uglovaya-kaminnaya-oblicovka-lk/
MOD DETAILS:
   modFile   : /var/www/u0155139/data/www/krep-stroy.ru/vqmod/xml/related_options.xml
   id        : Связанные опции
   version   : 1.67
   vqmver    : 2.X
   author    : opencart@19th19th.ru

File Name    : /system/library/cart.php(0)
VQModObject::applyMod - SEARCH NOT FOUND (ABORTING MOD): $price = $product_query->row['price'];

----------------------------------------------------------------------


---------- Date: 2017-04-04 04:59:52 ~ IP : 141.8.142.185 ----------
REQUEST URI : /pechi-kaminy/dver-dlya-bani-i-sauny-lk-ds-bronza-matovaya-ris-bambuk-dver-3
MOD DETAILS:
   modFile   : /var/www/u0155139/data/www/krep-stroy.ru/vqmod/xml/related_options.xml
   id        : Связанные опции
   version   : 1.67
   vqmver    : 2.X
   author    : opencart@19th19th.ru

File Name    : /system/library/cart.php(0)
VQModObject::applyMod - SEARCH NOT FOUND (ABORTING MOD): $price = $product_query->row['price'];

----------------------------------------------------------------------


---------- Date: 2017-04-04 04:59:53 ~ IP : 178.154.149.4 ----------
REQUEST URI : /pechi-kaminy/mangal-vezuvij-udachnyj-mangal-vezuvij-udachnyj-vezuvij-pech
MOD DETAILS:
   modFile   : /var/www/u0155139/data/www/krep-stroy.ru/vqmod/xml/related_options.xml
   id        : Связанные опции
   version   : 1.67
   vqmver    : 2.X
   author    : opencart@19th19th.ru

File Name    : /system/library/cart.php(0)
VQModObject::applyMod - SEARCH NOT FOUND (ABORTING MOD): $price = $product_query->row['price'];

----------------------------------------------------------------------


---------- Date: 2017-04-04 05:00:04 ~ IP : 141.8.142.185 ----------
REQUEST URI : /instrument-i-oborudovanie/generatory-i-motopompy/motopompy-benzinovye/motopompa-mb-1600-d-100-elitech-motopompa-mb-1600-d-100-elit
MOD DETAILS:
   modFile   : /var/www/u0155139/data/www/krep-stroy.ru/vqmod/xml/related_options.xml
   id        : Связанные опции
   version   : 1.67
   vqmver    : 2.X
   author    : opencart@19th19th.ru

File Name    : /system/library/cart.php(0)
VQModObject::applyMod - SEARCH NOT FOUND (ABORTING MOD): $price = $product_query->row['price'];

----------------------------------------------------------------------


---------- Date: 2017-04-04 05:32:03 ~ IP : 46.161.9.30 ----------
REQUEST URI : /index.php?route=information/contact/success
MOD DETAILS:
   modFile   : /var/www/u0155139/data/www/krep-stroy.ru/vqmod/xml/related_options.xml
   id        : Связанные опции
   version   : 1.67
   vqmver    : 2.X
   author    : opencart@19th19th.ru

File Name    : /system/library/cart.php(0)
VQModObject::applyMod - SEARCH NOT FOUND (ABORTING MOD): $price = $product_query->row['price'];

MOD DETAILS:
   modFile   : /var/www/u0155139/data/www/krep-stroy.ru/vqmod/xml/bread crumbs.xml
   id        : Bread crumbs
   version   : 1.0
   vqmver    : 2.4.1
   author    : AnOcToJI

File Name    : catalog/view/theme/*/template/common/success.tpl(0)
VQModObject::applyMod - SEARCH NOT FOUND (ABORTING MOD): <?php foreach ($breadcrumbs as $breadcrumb) { ?>

----------------------------------------------------------------------


---------- Date: 2017-04-04 05:32:03 ~ IP : 46.161.9.30 ----------
REQUEST URI : /index.php?route=account/register
MOD DETAILS:
   modFile   : /var/www/u0155139/data/www/krep-stroy.ru/vqmod/xml/related_options.xml
   id        : Связанные опции
   version   : 1.67
   vqmver    : 2.X
   author    : opencart@19th19th.ru

File Name    : /system/library/cart.php(0)
VQModObject::applyMod - SEARCH NOT FOUND (ABORTING MOD): $price = $product_query->row['price'];

----------------------------------------------------------------------


---------- Date: 2017-04-04 05:32:03 ~ IP : 46.161.9.30 ----------
REQUEST URI : /index.php?route=account/register
MOD DETAILS:
   modFile   : /var/www/u0155139/data/www/krep-stroy.ru/vqmod/xml/related_options.xml
   id        : Связанные опции
   version   : 1.67
   vqmver    : 2.X
   author    : opencart@19th19th.ru

File Name    : /system/library/cart.php(0)
VQModObject::applyMod - SEARCH NOT FOUND (ABORTING MOD): $price = $product_query->row['price'];

----------------------------------------------------------------------


---------- Date: 2017-04-04 05:34:36 ~ IP : 176.112.206.50 ----------
REQUEST URI : /
MOD DETAILS:
   modFile   : /var/www/u0155139/data/www/krep-stroy.ru/vqmod/xml/related_options.xml
   id        : Связанные опции
   version   : 1.67
   vqmver    : 2.X
   author    : opencart@19th19th.ru

File Name    : /system/library/cart.php(0)
VQModObject::applyMod - SEARCH NOT FOUND (ABORTING MOD): $price = $product_query->row['price'];

----------------------------------------------------------------------


---------- Date: 2017-04-04 05:54:24 ~ IP : 66.249.76.81 ----------
REQUEST URI : /pechi-kaminy?page=64
MOD DETAILS:
   modFile   : /var/www/u0155139/data/www/krep-stroy.ru/vqmod/xml/related_options.xml
   id        : Связанные опции
   version   : 1.67
   vqmver    : 2.X
   author    : opencart@19th19th.ru

File Name    : /system/library/cart.php(0)
VQModObject::applyMod - SEARCH NOT FOUND (ABORTING MOD): $price = $product_query->row['price'];

----------------------------------------------------------------------


---------- Date: 2017-04-04 06:17:14 ~ IP : 128.71.248.102 ----------
REQUEST URI : /contact-us/
MOD DETAILS:
   modFile   : /var/www/u0155139/data/www/krep-stroy.ru/vqmod/xml/related_options.xml
   id        : Связанные опции
   version   : 1.67
   vqmver    : 2.X
   author    : opencart@19th19th.ru

File Name    : /system/library/cart.php(0)
VQModObject::applyMod - SEARCH NOT FOUND (ABORTING MOD): $price = $product_query->row['price'];

----------------------------------------------------------------------


---------- Date: 2017-04-04 06:55:16 ~ IP : 66.249.66.92 ----------
REQUEST URI : /instrument-i-oborudovanie/rezhushij-instrument/koronka-po-betony-sds-plus
MOD DETAILS:
   modFile   : /var/www/u0155139/data/www/krep-stroy.ru/vqmod/xml/related_options.xml
   id        : Связанные опции
   version   : 1.67
   vqmver    : 2.X
   author    : opencart@19th19th.ru

File Name    : /system/library/cart.php(0)
VQModObject::applyMod - SEARCH NOT FOUND (ABORTING MOD): $price = $product_query->row['price'];

----------------------------------------------------------------------


---------- Date: 2017-04-04 06:57:56 ~ IP : 66.249.66.92 ----------
REQUEST URI : /instrument-i-oborudovanie/ruchnoj-instrument?page=2
MOD DETAILS:
   modFile   : /var/www/u0155139/data/www/krep-stroy.ru/vqmod/xml/related_options.xml
   id        : Связанные опции
   version   : 1.67
   vqmver    : 2.X
   author    : opencart@19th19th.ru

File Name    : /system/library/cart.php(0)
VQModObject::applyMod - SEARCH NOT FOUND (ABORTING MOD): $price = $product_query->row['price'];

----------------------------------------------------------------------


---------- Date: 2017-04-04 07:22:38 ~ IP : 185.175.158.173 ----------
REQUEST URI : /contact-us
MOD DETAILS:
   modFile   : /var/www/u0155139/data/www/krep-stroy.ru/vqmod/xml/related_options.xml
   id        : Связанные опции
   version   : 1.67
   vqmver    : 2.X
   author    : opencart@19th19th.ru

File Name    : /system/library/cart.php(0)
VQModObject::applyMod - SEARCH NOT FOUND (ABORTING MOD): $price = $product_query->row['price'];

----------------------------------------------------------------------


---------- Date: 2017-04-04 07:33:48 ~ IP : 66.249.66.89 ----------
REQUEST URI : /index.php?route=product/product&amp;path=96&amp;product_id=4560
MOD DETAILS:
   modFile   : /var/www/u0155139/data/www/krep-stroy.ru/vqmod/xml/related_options.xml
   id        : Связанные опции
   version   : 1.67
   vqmver    : 2.X
   author    : opencart@19th19th.ru

File Name    : /system/library/cart.php(0)
VQModObject::applyMod - SEARCH NOT FOUND (ABORTING MOD): $price = $product_query->row['price'];

----------------------------------------------------------------------


---------- Date: 2017-04-04 07:33:50 ~ IP : 66.249.66.92 ----------
REQUEST URI : /pechi-kaminy/plita-talkohlorit-300h300h10mm-plita-talkohlorit-300h300h10m
MOD DETAILS:
   modFile   : /var/www/u0155139/data/www/krep-stroy.ru/vqmod/xml/related_options.xml
   id        : Связанные опции
   version   : 1.67
   vqmver    : 2.X
   author    : opencart@19th19th.ru

File Name    : /system/library/cart.php(0)
VQModObject::applyMod - SEARCH NOT FOUND (ABORTING MOD): $price = $product_query->row['price'];

----------------------------------------------------------------------


---------- Date: 2017-04-04 07:34:17 ~ IP : 46.118.122.226 ----------
REQUEST URI : /pechi-kaminy/kaminnaya-oblicovka-lk-elit-uglovaya-kaminnaya-oblicovka-lk/
MOD DETAILS:
   modFile   : /var/www/u0155139/data/www/krep-stroy.ru/vqmod/xml/related_options.xml
   id        : Связанные опции
   version   : 1.67
   vqmver    : 2.X
   author    : opencart@19th19th.ru

File Name    : /system/library/cart.php(0)
VQModObject::applyMod - SEARCH NOT FOUND (ABORTING MOD): $price = $product_query->row['price'];

----------------------------------------------------------------------


---------- Date: 2017-04-04 07:34:17 ~ IP : 46.118.122.226 ----------
REQUEST URI : /pechi-kaminy/kaminnaya-oblicovka-lk-elit-uglovaya-kaminnaya-oblicovka-lk/
MOD DETAILS:
   modFile   : /var/www/u0155139/data/www/krep-stroy.ru/vqmod/xml/related_options.xml
   id        : Связанные опции
   version   : 1.67
   vqmver    : 2.X
   author    : opencart@19th19th.ru

File Name    : /system/library/cart.php(0)
VQModObject::applyMod - SEARCH NOT FOUND (ABORTING MOD): $price = $product_query->row['price'];

----------------------------------------------------------------------


---------- Date: 2017-04-04 07:34:17 ~ IP : 46.118.122.226 ----------
REQUEST URI : /pechi-kaminy/kaminnaya-oblicovka-lk-elit-uglovaya-kaminnaya-oblicovka-lk/
MOD DETAILS:
   modFile   : /var/www/u0155139/data/www/krep-stroy.ru/vqmod/xml/related_options.xml
   id        : Связанные опции
   version   : 1.67
   vqmver    : 2.X
   author    : opencart@19th19th.ru

File Name    : /system/library/cart.php(0)
VQModObject::applyMod - SEARCH NOT FOUND (ABORTING MOD): $price = $product_query->row['price'];

----------------------------------------------------------------------


---------- Date: 2017-04-04 08:08:19 ~ IP : 141.8.142.185 ----------
REQUEST URI : /instrument-i-oborudovanie/elektroinstrument/dreli-i-vintoverty?page=2
MOD DETAILS:
   modFile   : /var/www/u0155139/data/www/krep-stroy.ru/vqmod/xml/related_options.xml
   id        : Связанные опции
   version   : 1.67
   vqmver    : 2.X
   author    : opencart@19th19th.ru

File Name    : /system/library/cart.php(0)
VQModObject::applyMod - SEARCH NOT FOUND (ABORTING MOD): $price = $product_query->row['price'];

----------------------------------------------------------------------


---------- Date: 2017-04-04 08:08:20 ~ IP : 141.8.142.69 ----------
REQUEST URI : /pechi-kaminy/emkosti-dlya-nagreva-vody
MOD DETAILS:
   modFile   : /var/www/u0155139/data/www/krep-stroy.ru/vqmod/xml/related_options.xml
   id        : Связанные опции
   version   : 1.67
   vqmver    : 2.X
   author    : opencart@19th19th.ru

File Name    : /system/library/cart.php(0)
VQModObject::applyMod - SEARCH NOT FOUND (ABORTING MOD): $price = $product_query->row['price'];

----------------------------------------------------------------------


---------- Date: 2017-04-04 08:13:07 ~ IP : 176.8.251.60 ----------
REQUEST URI : /pechi-kaminy/kaminnaya-oblicovka-lk-elit-uglovaya-kaminnaya-oblicovka-lk/
MOD DETAILS:
   modFile   : /var/www/u0155139/data/www/krep-stroy.ru/vqmod/xml/related_options.xml
   id        : Связанные опции
   version   : 1.67
   vqmver    : 2.X
   author    : opencart@19th19th.ru

File Name    : /system/library/cart.php(0)
VQModObject::applyMod - SEARCH NOT FOUND (ABORTING MOD): $price = $product_query->row['price'];

----------------------------------------------------------------------


---------- Date: 2017-04-04 08:13:08 ~ IP : 176.8.251.60 ----------
REQUEST URI : /pechi-kaminy/kaminnaya-oblicovka-lk-elit-uglovaya-kaminnaya-oblicovka-lk/
MOD DETAILS:
   modFile   : /var/www/u0155139/data/www/krep-stroy.ru/vqmod/xml/related_options.xml
   id        : Связанные опции
   version   : 1.67
   vqmver    : 2.X
   author    : opencart@19th19th.ru

File Name    : /system/library/cart.php(0)
VQModObject::applyMod - SEARCH NOT FOUND (ABORTING MOD): $price = $product_query->row['price'];

----------------------------------------------------------------------


---------- Date: 2017-04-04 08:13:08 ~ IP : 176.8.251.60 ----------
REQUEST URI : /pechi-kaminy/kaminnaya-oblicovka-lk-elit-uglovaya-kaminnaya-oblicovka-lk/
MOD DETAILS:
   modFile   : /var/www/u0155139/data/www/krep-stroy.ru/vqmod/xml/related_options.xml
   id        : Связанные опции
   version   : 1.67
   vqmver    : 2.X
   author    : opencart@19th19th.ru

File Name    : /system/library/cart.php(0)
VQModObject::applyMod - SEARCH NOT FOUND (ABORTING MOD): $price = $product_query->row['price'];

----------------------------------------------------------------------


---------- Date: 2017-04-04 08:13:59 ~ IP : 91.200.12.98 ----------
REQUEST URI : /contact-us/
MOD DETAILS:
   modFile   : /var/www/u0155139/data/www/krep-stroy.ru/vqmod/xml/related_options.xml
   id        : Связанные опции
   version   : 1.67
   vqmver    : 2.X
   author    : opencart@19th19th.ru

File Name    : /system/library/cart.php(0)
VQModObject::applyMod - SEARCH NOT FOUND (ABORTING MOD): $price = $product_query->row['price'];

----------------------------------------------------------------------


---------- Date: 2017-04-04 08:14:00 ~ IP : 91.200.12.98 ----------
REQUEST URI : /contact-us
MOD DETAILS:
   modFile   : /var/www/u0155139/data/www/krep-stroy.ru/vqmod/xml/related_options.xml
   id        : Связанные опции
   version   : 1.67
   vqmver    : 2.X
   author    : opencart@19th19th.ru

File Name    : /system/library/cart.php(0)
VQModObject::applyMod - SEARCH NOT FOUND (ABORTING MOD): $price = $product_query->row['price'];

----------------------------------------------------------------------


---------- Date: 2017-04-04 08:14:03 ~ IP : 91.200.12.98 ----------
REQUEST URI : /
MOD DETAILS:
   modFile   : /var/www/u0155139/data/www/krep-stroy.ru/vqmod/xml/related_options.xml
   id        : Связанные опции
   version   : 1.67
   vqmver    : 2.X
   author    : opencart@19th19th.ru

File Name    : /system/library/cart.php(0)
VQModObject::applyMod - SEARCH NOT FOUND (ABORTING MOD): $price = $product_query->row['price'];

----------------------------------------------------------------------


---------- Date: 2017-04-04 08:14:04 ~ IP : 91.200.12.98 ----------
REQUEST URI : /index.php?route=account/login
MOD DETAILS:
   modFile   : /var/www/u0155139/data/www/krep-stroy.ru/vqmod/xml/related_options.xml
   id        : Связанные опции
   version   : 1.67
   vqmver    : 2.X
   author    : opencart@19th19th.ru

File Name    : /system/library/cart.php(0)
VQModObject::applyMod - SEARCH NOT FOUND (ABORTING MOD): $price = $product_query->row['price'];

----------------------------------------------------------------------


---------- Date: 2017-04-04 08:14:04 ~ IP : 91.200.12.98 ----------
REQUEST URI : /login
MOD DETAILS:
   modFile   : /var/www/u0155139/data/www/krep-stroy.ru/vqmod/xml/related_options.xml
   id        : Связанные опции
   version   : 1.67
   vqmver    : 2.X
   author    : opencart@19th19th.ru

File Name    : /system/library/cart.php(0)
VQModObject::applyMod - SEARCH NOT FOUND (ABORTING MOD): $price = $product_query->row['price'];

----------------------------------------------------------------------


---------- Date: 2017-04-04 08:14:06 ~ IP : 91.200.12.98 ----------
REQUEST URI : /
MOD DETAILS:
   modFile   : /var/www/u0155139/data/www/krep-stroy.ru/vqmod/xml/related_options.xml
   id        : Связанные опции
   version   : 1.67
   vqmver    : 2.X
   author    : opencart@19th19th.ru

File Name    : /system/library/cart.php(0)
VQModObject::applyMod - SEARCH NOT FOUND (ABORTING MOD): $price = $product_query->row['price'];

----------------------------------------------------------------------


---------- Date: 2017-04-04 08:14:08 ~ IP : 91.200.12.98 ----------
REQUEST URI : /contact-us
MOD DETAILS:
   modFile   : /var/www/u0155139/data/www/krep-stroy.ru/vqmod/xml/related_options.xml
   id        : Связанные опции
   version   : 1.67
   vqmver    : 2.X
   author    : opencart@19th19th.ru

File Name    : /system/library/cart.php(0)
VQModObject::applyMod - SEARCH NOT FOUND (ABORTING MOD): $price = $product_query->row['price'];

----------------------------------------------------------------------


---------- Date: 2017-04-04 09:01:11 ~ IP : 66.249.76.79 ----------
REQUEST URI : /instrument-i-oborudovanie/generatory-i-motopompy/generatory-benzinovye-1-faznye/generator-eg-5550a-makita-generator-eg-5550a-makita-generato
MOD DETAILS:
   modFile   : /var/www/u0155139/data/www/krep-stroy.ru/vqmod/xml/related_options.xml
   id        : Связанные опции
   version   : 1.67
   vqmver    : 2.X
   author    : opencart@19th19th.ru

File Name    : /system/library/cart.php(0)
VQModObject::applyMod - SEARCH NOT FOUND (ABORTING MOD): $price = $product_query->row['price'];

----------------------------------------------------------------------


---------- Date: 2017-04-04 09:12:03 ~ IP : 66.249.66.95 ----------
REQUEST URI : /instrument-i-oborudovanie/stanki/pily-torcovochno-usovochnye
MOD DETAILS:
   modFile   : /var/www/u0155139/data/www/krep-stroy.ru/vqmod/xml/related_options.xml
   id        : Связанные опции
   version   : 1.67
   vqmver    : 2.X
   author    : opencart@19th19th.ru

File Name    : /system/library/cart.php(0)
VQModObject::applyMod - SEARCH NOT FOUND (ABORTING MOD): $price = $product_query->row['price'];

----------------------------------------------------------------------


---------- Date: 2017-04-04 09:52:10 ~ IP : 37.115.191.53 ----------
REQUEST URI : /pechi-kaminy/kaminnaya-oblicovka-lk-elit-uglovaya-kaminnaya-oblicovka-lk/
MOD DETAILS:
   modFile   : /var/www/u0155139/data/www/krep-stroy.ru/vqmod/xml/related_options.xml
   id        : Связанные опции
   version   : 1.67
   vqmver    : 2.X
   author    : opencart@19th19th.ru

File Name    : /system/library/cart.php(0)
VQModObject::applyMod - SEARCH NOT FOUND (ABORTING MOD): $price = $product_query->row['price'];

----------------------------------------------------------------------


---------- Date: 2017-04-04 09:52:10 ~ IP : 37.115.191.53 ----------
REQUEST URI : /pechi-kaminy/kaminnaya-oblicovka-lk-elit-uglovaya-kaminnaya-oblicovka-lk/
MOD DETAILS:
   modFile   : /var/www/u0155139/data/www/krep-stroy.ru/vqmod/xml/related_options.xml
   id        : Связанные опции
   version   : 1.67
   vqmver    : 2.X
   author    : opencart@19th19th.ru

File Name    : /system/library/cart.php(0)
VQModObject::applyMod - SEARCH NOT FOUND (ABORTING MOD): $price = $product_query->row['price'];

----------------------------------------------------------------------


---------- Date: 2017-04-04 09:53:14 ~ IP : 141.8.142.14 ----------
REQUEST URI : /instrument-i-oborudovanie/mojki-vysokogo-davleniya
MOD DETAILS:
   modFile   : /var/www/u0155139/data/www/krep-stroy.ru/vqmod/xml/related_options.xml
   id        : Связанные опции
   version   : 1.67
   vqmver    : 2.X
   author    : opencart@19th19th.ru

File Name    : /system/library/cart.php(0)
VQModObject::applyMod - SEARCH NOT FOUND (ABORTING MOD): $price = $product_query->row['price'];

----------------------------------------------------------------------


---------- Date: 2017-04-04 09:55:40 ~ IP : 93.158.152.5 ----------
REQUEST URI : /index.php?route=product/product&amp;path=96_159&amp;product_id=3825
MOD DETAILS:
   modFile   : /var/www/u0155139/data/www/krep-stroy.ru/vqmod/xml/related_options.xml
   id        : Связанные опции
   version   : 1.67
   vqmver    : 2.X
   author    : opencart@19th19th.ru

File Name    : /system/library/cart.php(0)
VQModObject::applyMod - SEARCH NOT FOUND (ABORTING MOD): $price = $product_query->row['price'];

----------------------------------------------------------------------


---------- Date: 2017-04-04 09:55:46 ~ IP : 141.8.142.212 ----------
REQUEST URI : /pechi-kaminy/pechi-bannye/elektricheskaya-pech-dlya-bani-harvia-trendi-kip-80t-st-elek
MOD DETAILS:
   modFile   : /var/www/u0155139/data/www/krep-stroy.ru/vqmod/xml/related_options.xml
   id        : Связанные опции
   version   : 1.67
   vqmver    : 2.X
   author    : opencart@19th19th.ru

File Name    : /system/library/cart.php(0)
VQModObject::applyMod - SEARCH NOT FOUND (ABORTING MOD): $price = $product_query->row['price'];

----------------------------------------------------------------------


---------- Date: 2017-04-04 09:57:06 ~ IP : 141.8.142.63 ----------
REQUEST URI : /pechi-kaminy/aksessuary-dlya-bani/oblivnoe-ustrojstvo-16l-s-plastikovoj-vstavkoj-kedr-oblivnoe
MOD DETAILS:
   modFile   : /var/www/u0155139/data/www/krep-stroy.ru/vqmod/xml/related_options.xml
   id        : Связанные опции
   version   : 1.67
   vqmver    : 2.X
   author    : opencart@19th19th.ru

File Name    : /system/library/cart.php(0)
VQModObject::applyMod - SEARCH NOT FOUND (ABORTING MOD): $price = $product_query->row['price'];

----------------------------------------------------------------------


---------- Date: 2017-04-04 10:11:37 ~ IP : 141.8.142.36 ----------
REQUEST URI : /strojmaterialy/krepezh-metizy/gajki-zaklepki
MOD DETAILS:
   modFile   : /var/www/u0155139/data/www/krep-stroy.ru/vqmod/xml/related_options.xml
   id        : Связанные опции
   version   : 1.67
   vqmver    : 2.X
   author    : opencart@19th19th.ru

File Name    : /system/library/cart.php(0)
VQModObject::applyMod - SEARCH NOT FOUND (ABORTING MOD): $price = $product_query->row['price'];

----------------------------------------------------------------------


---------- Date: 2017-04-04 10:35:59 ~ IP : 141.8.142.185 ----------
REQUEST URI : /strojmaterialy/pilomaterialy/imitaciya-brusa
MOD DETAILS:
   modFile   : /var/www/u0155139/data/www/krep-stroy.ru/vqmod/xml/related_options.xml
   id        : Связанные опции
   version   : 1.67
   vqmver    : 2.X
   author    : opencart@19th19th.ru

File Name    : /system/library/cart.php(0)
VQModObject::applyMod - SEARCH NOT FOUND (ABORTING MOD): $price = $product_query->row['price'];

----------------------------------------------------------------------


---------- Date: 2017-04-04 10:36:00 ~ IP : 141.8.132.11 ----------
REQUEST URI : /pechi-kaminy/pechi-bannye/elektricheskaya-pech-dlya-bani-vezuvij-60-kvt-elektricheskay
MOD DETAILS:
   modFile   : /var/www/u0155139/data/www/krep-stroy.ru/vqmod/xml/related_options.xml
   id        : Связанные опции
   version   : 1.67
   vqmver    : 2.X
   author    : opencart@19th19th.ru

File Name    : /system/library/cart.php(0)
VQModObject::applyMod - SEARCH NOT FOUND (ABORTING MOD): $price = $product_query->row['price'];

----------------------------------------------------------------------


---------- Date: 2017-04-04 10:36:03 ~ IP : 141.8.132.11 ----------
REQUEST URI : /instrument-i-oborudovanie/svarochnye-apparaty/bytovaya-svarka-metalla/apparat-svar-force-145-230v-acx-case-telwin-apparat-svar-for
MOD DETAILS:
   modFile   : /var/www/u0155139/data/www/krep-stroy.ru/vqmod/xml/related_options.xml
   id        : Связанные опции
   version   : 1.67
   vqmver    : 2.X
   author    : opencart@19th19th.ru

File Name    : /system/library/cart.php(0)
VQModObject::applyMod - SEARCH NOT FOUND (ABORTING MOD): $price = $product_query->row['price'];

----------------------------------------------------------------------


---------- Date: 2017-04-04 10:46:42 ~ IP : 141.8.142.36 ----------
REQUEST URI : /instrument-i-oborudovanie/svarochnye-apparaty/bytovaya-svarka-metalla/apparat-svar-arc-205l-wert-apparat-svar-arc-205l-wert-bytova
MOD DETAILS:
   modFile   : /var/www/u0155139/data/www/krep-stroy.ru/vqmod/xml/related_options.xml
   id        : Связанные опции
   version   : 1.67
   vqmver    : 2.X
   author    : opencart@19th19th.ru

File Name    : /system/library/cart.php(0)
VQModObject::applyMod - SEARCH NOT FOUND (ABORTING MOD): $price = $product_query->row['price'];

----------------------------------------------------------------------


---------- Date: 2017-04-04 10:47:26 ~ IP : 141.8.132.11 ----------
REQUEST URI : /pechi-kaminy/soputstvuyushie-tovary/emal-termostojkaya-serebristaya-08-kg-elcon-emal-termostojka
MOD DETAILS:
   modFile   : /var/www/u0155139/data/www/krep-stroy.ru/vqmod/xml/related_options.xml
   id        : Связанные опции
   version   : 1.67
   vqmver    : 2.X
   author    : opencart@19th19th.ru

File Name    : /system/library/cart.php(0)
VQModObject::applyMod - SEARCH NOT FOUND (ABORTING MOD): $price = $product_query->row['price'];

----------------------------------------------------------------------


---------- Date: 2017-04-04 10:47:29 ~ IP : 141.8.142.17 ----------
REQUEST URI : /instrument-i-oborudovanie/elektroinstrument/pily-lobziki/pila-diskovaya-pd1363-elitech-pila-diskovaya-pd1363-elitech
MOD DETAILS:
   modFile   : /var/www/u0155139/data/www/krep-stroy.ru/vqmod/xml/related_options.xml
   id        : Связанные опции
   version   : 1.67
   vqmver    : 2.X
   author    : opencart@19th19th.ru

File Name    : /system/library/cart.php(0)
VQModObject::applyMod - SEARCH NOT FOUND (ABORTING MOD): $price = $product_query->row['price'];

----------------------------------------------------------------------


---------- Date: 2017-04-04 10:47:33 ~ IP : 141.8.142.36 ----------
REQUEST URI : /instrument-i-oborudovanie/ruchnoj-instrument
MOD DETAILS:
   modFile   : /var/www/u0155139/data/www/krep-stroy.ru/vqmod/xml/related_options.xml
   id        : Связанные опции
   version   : 1.67
   vqmver    : 2.X
   author    : opencart@19th19th.ru

File Name    : /system/library/cart.php(0)
VQModObject::applyMod - SEARCH NOT FOUND (ABORTING MOD): $price = $product_query->row['price'];

----------------------------------------------------------------------


---------- Date: 2017-04-04 10:52:11 ~ IP : 141.8.142.185 ----------
REQUEST URI : /pechi-kaminy/kaminnoe-pechnoe-lite/topochnaya-dverca-dtg-2s-onego-r-topochnaya-dverca-dtg-2s-on
MOD DETAILS:
   modFile   : /var/www/u0155139/data/www/krep-stroy.ru/vqmod/xml/related_options.xml
   id        : Связанные опции
   version   : 1.67
   vqmver    : 2.X
   author    : opencart@19th19th.ru

File Name    : /system/library/cart.php(0)
VQModObject::applyMod - SEARCH NOT FOUND (ABORTING MOD): $price = $product_query->row['price'];

----------------------------------------------------------------------


---------- Date: 2017-04-04 10:58:38 ~ IP : 95.108.179.4 ----------
REQUEST URI : /pechi-kaminy/pilav-tandyr-greivari-weekend-pilav-tandyr-greivari-weekend
MOD DETAILS:
   modFile   : /var/www/u0155139/data/www/krep-stroy.ru/vqmod/xml/related_options.xml
   id        : Связанные опции
   version   : 1.67
   vqmver    : 2.X
   author    : opencart@19th19th.ru

File Name    : /system/library/cart.php(0)
VQModObject::applyMod - SEARCH NOT FOUND (ABORTING MOD): $price = $product_query->row['price'];

----------------------------------------------------------------------


---------- Date: 2017-04-04 10:58:40 ~ IP : 66.249.66.92 ----------
REQUEST URI : /instrument-i-oborudovanie/svarochnye-apparaty/bytovaya-svarka-metalla/apparat-svar-250-elitech-apparat-svar-250-elitech-bytovaya-s
MOD DETAILS:
   modFile   : /var/www/u0155139/data/www/krep-stroy.ru/vqmod/xml/related_options.xml
   id        : Связанные опции
   version   : 1.67
   vqmver    : 2.X
   author    : opencart@19th19th.ru

File Name    : /system/library/cart.php(0)
VQModObject::applyMod - SEARCH NOT FOUND (ABORTING MOD): $price = $product_query->row['price'];

----------------------------------------------------------------------


---------- Date: 2017-04-04 10:58:41 ~ IP : 93.158.152.78 ----------
REQUEST URI : /pechi-kaminy/pilav-tandyr-greivari-weekend-pilav-tandyr-greivari-weekend
MOD DETAILS:
   modFile   : /var/www/u0155139/data/www/krep-stroy.ru/vqmod/xml/related_options.xml
   id        : Связанные опции
   version   : 1.67
   vqmver    : 2.X
   author    : opencart@19th19th.ru

File Name    : /system/library/cart.php(0)
VQModObject::applyMod - SEARCH NOT FOUND (ABORTING MOD): $price = $product_query->row['price'];

----------------------------------------------------------------------


---------- Date: 2017-04-04 11:12:43 ~ IP : 141.8.132.11 ----------
REQUEST URI : /pechi-kaminy/kaminnoe-pechnoe-lite/pech-pov-57-pech-pov-57-rubcovsk-pechi-kaminy
MOD DETAILS:
   modFile   : /var/www/u0155139/data/www/krep-stroy.ru/vqmod/xml/related_options.xml
   id        : Связанные опции
   version   : 1.67
   vqmver    : 2.X
   author    : opencart@19th19th.ru

File Name    : /system/library/cart.php(0)
VQModObject::applyMod - SEARCH NOT FOUND (ABORTING MOD): $price = $product_query->row['price'];

----------------------------------------------------------------------


---------- Date: 2017-04-04 11:18:43 ~ IP : 178.154.149.4 ----------
REQUEST URI : /pechi-kaminy/gril-boks-greivari-weekend-gril-boks-greivari-weekend-greiva
MOD DETAILS:
   modFile   : /var/www/u0155139/data/www/krep-stroy.ru/vqmod/xml/related_options.xml
   id        : Связанные опции
   version   : 1.67
   vqmver    : 2.X
   author    : opencart@19th19th.ru

File Name    : /system/library/cart.php(0)
VQModObject::applyMod - SEARCH NOT FOUND (ABORTING MOD): $price = $product_query->row['price'];

----------------------------------------------------------------------


---------- Date: 2017-04-04 11:20:41 ~ IP : 178.154.149.4 ----------
REQUEST URI : /instrument-i-oborudovanie/elektroinstrument/shlifmashiny/shlifmashina-vib-416090fs-140-aeg-shlifmashina-vib-416090fs
MOD DETAILS:
   modFile   : /var/www/u0155139/data/www/krep-stroy.ru/vqmod/xml/related_options.xml
   id        : Связанные опции
   version   : 1.67
   vqmver    : 2.X
   author    : opencart@19th19th.ru

File Name    : /system/library/cart.php(0)
VQModObject::applyMod - SEARCH NOT FOUND (ABORTING MOD): $price = $product_query->row['price'];

----------------------------------------------------------------------


---------- Date: 2017-04-04 11:39:09 ~ IP : 37.190.82.82 ----------
REQUEST URI : /strojmaterialy/krepezh-metizy/homuty-skoby-styazhki/homyt-sprinklernuj-dlya-sistem-pozharotysheniya-
MOD DETAILS:
   modFile   : /var/www/u0155139/data/www/krep-stroy.ru/vqmod/xml/related_options.xml
   id        : Связанные опции
   version   : 1.67
   vqmver    : 2.X
   author    : opencart@19th19th.ru

File Name    : /system/library/cart.php(0)
VQModObject::applyMod - SEARCH NOT FOUND (ABORTING MOD): $price = $product_query->row['price'];

----------------------------------------------------------------------


---------- Date: 2017-04-04 11:39:10 ~ IP : 37.190.82.82 ----------
REQUEST URI : /index.php?route=product/product/review&amp;product_id=410
MOD DETAILS:
   modFile   : /var/www/u0155139/data/www/krep-stroy.ru/vqmod/xml/related_options.xml
   id        : Связанные опции
   version   : 1.67
   vqmver    : 2.X
   author    : opencart@19th19th.ru

File Name    : /system/library/cart.php(0)
VQModObject::applyMod - SEARCH NOT FOUND (ABORTING MOD): $price = $product_query->row['price'];

----------------------------------------------------------------------


---------- Date: 2017-04-04 11:39:10 ~ IP : 37.190.82.82 ----------
REQUEST URI : /index.php?route=product/product/captcha
MOD DETAILS:
   modFile   : /var/www/u0155139/data/www/krep-stroy.ru/vqmod/xml/related_options.xml
   id        : Связанные опции
   version   : 1.67
   vqmver    : 2.X
   author    : opencart@19th19th.ru

File Name    : /system/library/cart.php(0)
VQModObject::applyMod - SEARCH NOT FOUND (ABORTING MOD): $price = $product_query->row['price'];

----------------------------------------------------------------------


---------- Date: 2017-04-04 11:52:15 ~ IP : 66.249.76.81 ----------
REQUEST URI : /
MOD DETAILS:
   modFile   : /var/www/u0155139/data/www/krep-stroy.ru/vqmod/xml/related_options.xml
   id        : Связанные опции
   version   : 1.67
   vqmver    : 2.X
   author    : opencart@19th19th.ru

File Name    : /system/library/cart.php(0)
VQModObject::applyMod - SEARCH NOT FOUND (ABORTING MOD): $price = $product_query->row['price'];

----------------------------------------------------------------------


---------- Date: 2017-04-04 11:54:17 ~ IP : 188.208.219.228 ----------
REQUEST URI : /contact-us/
MOD DETAILS:
   modFile   : /var/www/u0155139/data/www/krep-stroy.ru/vqmod/xml/related_options.xml
   id        : Связанные опции
   version   : 1.67
   vqmver    : 2.X
   author    : opencart@19th19th.ru

File Name    : /system/library/cart.php(0)
VQModObject::applyMod - SEARCH NOT FOUND (ABORTING MOD): $price = $product_query->row['price'];

----------------------------------------------------------------------


---------- Date: 2017-04-04 11:54:18 ~ IP : 188.208.219.228 ----------
REQUEST URI : /contact-us
MOD DETAILS:
   modFile   : /var/www/u0155139/data/www/krep-stroy.ru/vqmod/xml/related_options.xml
   id        : Связанные опции
   version   : 1.67
   vqmver    : 2.X
   author    : opencart@19th19th.ru

File Name    : /system/library/cart.php(0)
VQModObject::applyMod - SEARCH NOT FOUND (ABORTING MOD): $price = $product_query->row['price'];

----------------------------------------------------------------------


---------- Date: 2017-04-04 11:54:18 ~ IP : 188.208.219.228 ----------
REQUEST URI : /index.php?route=information/contact/captcha
MOD DETAILS:
   modFile   : /var/www/u0155139/data/www/krep-stroy.ru/vqmod/xml/related_options.xml
   id        : Связанные опции
   version   : 1.67
   vqmver    : 2.X
   author    : opencart@19th19th.ru

File Name    : /system/library/cart.php(0)
VQModObject::applyMod - SEARCH NOT FOUND (ABORTING MOD): $price = $product_query->row['price'];

----------------------------------------------------------------------


---------- Date: 2017-04-04 11:54:19 ~ IP : 188.208.219.228 ----------
REQUEST URI : /contact-us
MOD DETAILS:
   modFile   : /var/www/u0155139/data/www/krep-stroy.ru/vqmod/xml/related_options.xml
   id        : Связанные опции
   version   : 1.67
   vqmver    : 2.X
   author    : opencart@19th19th.ru

File Name    : /system/library/cart.php(0)
VQModObject::applyMod - SEARCH NOT FOUND (ABORTING MOD): $price = $product_query->row['price'];

----------------------------------------------------------------------


---------- Date: 2017-04-04 11:54:20 ~ IP : 188.208.219.228 ----------
REQUEST URI : /index.php?route=account/login
MOD DETAILS:
   modFile   : /var/www/u0155139/data/www/krep-stroy.ru/vqmod/xml/related_options.xml
   id        : Связанные опции
   version   : 1.67
   vqmver    : 2.X
   author    : opencart@19th19th.ru

File Name    : /system/library/cart.php(0)
VQModObject::applyMod - SEARCH NOT FOUND (ABORTING MOD): $price = $product_query->row['price'];

----------------------------------------------------------------------


---------- Date: 2017-04-04 11:54:20 ~ IP : 188.208.219.228 ----------
REQUEST URI : /login
MOD DETAILS:
   modFile   : /var/www/u0155139/data/www/krep-stroy.ru/vqmod/xml/related_options.xml
   id        : Связанные опции
   version   : 1.67
   vqmver    : 2.X
   author    : opencart@19th19th.ru

File Name    : /system/library/cart.php(0)
VQModObject::applyMod - SEARCH NOT FOUND (ABORTING MOD): $price = $product_query->row['price'];

----------------------------------------------------------------------


---------- Date: 2017-04-04 11:54:21 ~ IP : 188.208.219.228 ----------
REQUEST URI : /login
MOD DETAILS:
   modFile   : /var/www/u0155139/data/www/krep-stroy.ru/vqmod/xml/related_options.xml
   id        : Связанные опции
   version   : 1.67
   vqmver    : 2.X
   author    : opencart@19th19th.ru

File Name    : /system/library/cart.php(0)
VQModObject::applyMod - SEARCH NOT FOUND (ABORTING MOD): $price = $product_query->row['price'];

----------------------------------------------------------------------


---------- Date: 2017-04-04 11:54:22 ~ IP : 188.208.219.228 ----------
REQUEST URI : /contact-us
MOD DETAILS:
   modFile   : /var/www/u0155139/data/www/krep-stroy.ru/vqmod/xml/related_options.xml
   id        : Связанные опции
   version   : 1.67
   vqmver    : 2.X
   author    : opencart@19th19th.ru

File Name    : /system/library/cart.php(0)
VQModObject::applyMod - SEARCH NOT FOUND (ABORTING MOD): $price = $product_query->row['price'];

----------------------------------------------------------------------


---------- Date: 2017-04-04 11:59:35 ~ IP : 66.249.66.89 ----------
REQUEST URI : /pechi-kaminy/pechi-otopitelnye?page=4
MOD DETAILS:
   modFile   : /var/www/u0155139/data/www/krep-stroy.ru/vqmod/xml/related_options.xml
   id        : Связанные опции
   version   : 1.67
   vqmver    : 2.X
   author    : opencart@19th19th.ru

File Name    : /system/library/cart.php(0)
VQModObject::applyMod - SEARCH NOT FOUND (ABORTING MOD): $price = $product_query->row['price'];

----------------------------------------------------------------------


---------- Date: 2017-04-04 13:01:16 ~ IP : 91.205.239.219 ----------
REQUEST URI : /contact-us/
MOD DETAILS:
   modFile   : /var/www/u0155139/data/www/krep-stroy.ru/vqmod/xml/related_options.xml
   id        : Связанные опции
   version   : 1.67
   vqmver    : 2.X
   author    : opencart@19th19th.ru

File Name    : /system/library/cart.php(0)
VQModObject::applyMod - SEARCH NOT FOUND (ABORTING MOD): $price = $product_query->row['price'];

----------------------------------------------------------------------


---------- Date: 2017-04-04 13:01:18 ~ IP : 91.205.239.219 ----------
REQUEST URI : /contact-us
MOD DETAILS:
   modFile   : /var/www/u0155139/data/www/krep-stroy.ru/vqmod/xml/related_options.xml
   id        : Связанные опции
   version   : 1.67
   vqmver    : 2.X
   author    : opencart@19th19th.ru

File Name    : /system/library/cart.php(0)
VQModObject::applyMod - SEARCH NOT FOUND (ABORTING MOD): $price = $product_query->row['price'];

----------------------------------------------------------------------


---------- Date: 2017-04-04 13:01:18 ~ IP : 91.205.239.219 ----------
REQUEST URI : /index.php?route=information/contact/captcha
MOD DETAILS:
   modFile   : /var/www/u0155139/data/www/krep-stroy.ru/vqmod/xml/related_options.xml
   id        : Связанные опции
   version   : 1.67
   vqmver    : 2.X
   author    : opencart@19th19th.ru

File Name    : /system/library/cart.php(0)
VQModObject::applyMod - SEARCH NOT FOUND (ABORTING MOD): $price = $product_query->row['price'];

----------------------------------------------------------------------


---------- Date: 2017-04-04 13:01:19 ~ IP : 91.205.239.219 ----------
REQUEST URI : /contact-us
MOD DETAILS:
   modFile   : /var/www/u0155139/data/www/krep-stroy.ru/vqmod/xml/related_options.xml
   id        : Связанные опции
   version   : 1.67
   vqmver    : 2.X
   author    : opencart@19th19th.ru

File Name    : /system/library/cart.php(0)
VQModObject::applyMod - SEARCH NOT FOUND (ABORTING MOD): $price = $product_query->row['price'];

----------------------------------------------------------------------


---------- Date: 2017-04-04 14:22:43 ~ IP : 66.249.66.148 ----------
REQUEST URI : /
MOD DETAILS:
   modFile   : /var/www/u0155139/data/www/krep-stroy.ru/vqmod/xml/related_options.xml
   id        : Связанные опции
   version   : 1.67
   vqmver    : 2.X
   author    : opencart@19th19th.ru

File Name    : /system/library/cart.php(0)
VQModObject::applyMod - SEARCH NOT FOUND (ABORTING MOD): $price = $product_query->row['price'];

----------------------------------------------------------------------


---------- Date: 2017-04-04 14:39:49 ~ IP : 104.45.18.178 ----------
REQUEST URI : /
MOD DETAILS:
   modFile   : /var/www/u0155139/data/www/krep-stroy.ru/vqmod/xml/related_options.xml
   id        : Связанные опции
   version   : 1.67
   vqmver    : 2.X
   author    : opencart@19th19th.ru

File Name    : /system/library/cart.php(0)
VQModObject::applyMod - SEARCH NOT FOUND (ABORTING MOD): $price = $product_query->row['price'];

----------------------------------------------------------------------


---------- Date: 2017-04-04 14:42:48 ~ IP : 5.8.37.69 ----------
REQUEST URI : /contact-us/
MOD DETAILS:
   modFile   : /var/www/u0155139/data/www/krep-stroy.ru/vqmod/xml/related_options.xml
   id        : Связанные опции
   version   : 1.67
   vqmver    : 2.X
   author    : opencart@19th19th.ru

File Name    : /system/library/cart.php(0)
VQModObject::applyMod - SEARCH NOT FOUND (ABORTING MOD): $price = $product_query->row['price'];

----------------------------------------------------------------------


---------- Date: 2017-04-04 14:43:10 ~ IP : 5.8.37.69 ----------
REQUEST URI : /contact-us
MOD DETAILS:
   modFile   : /var/www/u0155139/data/www/krep-stroy.ru/vqmod/xml/related_options.xml
   id        : Связанные опции
   version   : 1.67
   vqmver    : 2.X
   author    : opencart@19th19th.ru

File Name    : /system/library/cart.php(0)
VQModObject::applyMod - SEARCH NOT FOUND (ABORTING MOD): $price = $product_query->row['price'];

----------------------------------------------------------------------


---------- Date: 2017-04-04 14:43:20 ~ IP : 5.8.37.69 ----------
REQUEST URI : /contact-us
MOD DETAILS:
   modFile   : /var/www/u0155139/data/www/krep-stroy.ru/vqmod/xml/related_options.xml
   id        : Связанные опции
   version   : 1.67
   vqmver    : 2.X
   author    : opencart@19th19th.ru

File Name    : /system/library/cart.php(0)
VQModObject::applyMod - SEARCH NOT FOUND (ABORTING MOD): $price = $product_query->row['price'];

----------------------------------------------------------------------


---------- Date: 2017-04-04 14:43:23 ~ IP : 5.8.37.69 ----------
REQUEST URI : /contact-us
MOD DETAILS:
   modFile   : /var/www/u0155139/data/www/krep-stroy.ru/vqmod/xml/related_options.xml
   id        : Связанные опции
   version   : 1.67
   vqmver    : 2.X
   author    : opencart@19th19th.ru

File Name    : /system/library/cart.php(0)
VQModObject::applyMod - SEARCH NOT FOUND (ABORTING MOD): $price = $product_query->row['price'];

----------------------------------------------------------------------


---------- Date: 2017-04-04 14:50:39 ~ IP : 158.255.211.249 ----------
REQUEST URI : /instrument-i-oborudovanie/ruchnoj-instrument/izmeritelnyj-instrument/urovni-uklonomery/nivelir-ln-52v-elitech-nivelir-ln-52v-elitech-urovni-uklonom
MOD DETAILS:
   modFile   : /var/www/u0155139/data/www/krep-stroy.ru/vqmod/xml/related_options.xml
   id        : Связанные опции
   version   : 1.67
   vqmver    : 2.X
   author    : opencart@19th19th.ru

File Name    : /system/library/cart.php(0)
VQModObject::applyMod - SEARCH NOT FOUND (ABORTING MOD): $price = $product_query->row['price'];

----------------------------------------------------------------------


---------- Date: 2017-04-04 14:50:40 ~ IP : 158.255.211.249 ----------
REQUEST URI : /index.php?route=account/register
MOD DETAILS:
   modFile   : /var/www/u0155139/data/www/krep-stroy.ru/vqmod/xml/related_options.xml
   id        : Связанные опции
   version   : 1.67
   vqmver    : 2.X
   author    : opencart@19th19th.ru

File Name    : /system/library/cart.php(0)
VQModObject::applyMod - SEARCH NOT FOUND (ABORTING MOD): $price = $product_query->row['price'];

----------------------------------------------------------------------


---------- Date: 2017-04-04 14:50:40 ~ IP : 158.255.211.249 ----------
REQUEST URI : /index.php?route=account/register
MOD DETAILS:
   modFile   : /var/www/u0155139/data/www/krep-stroy.ru/vqmod/xml/related_options.xml
   id        : Связанные опции
   version   : 1.67
   vqmver    : 2.X
   author    : opencart@19th19th.ru

File Name    : /system/library/cart.php(0)
VQModObject::applyMod - SEARCH NOT FOUND (ABORTING MOD): $price = $product_query->row['price'];

----------------------------------------------------------------------


---------- Date: 2017-04-04 14:56:16 ~ IP : 66.249.76.81 ----------
REQUEST URI : /pechi-kaminy/teploobmennik-vezuvij-6l-teploobmennik-vezuvij-6l-rossiya-pe
MOD DETAILS:
   modFile   : /var/www/u0155139/data/www/krep-stroy.ru/vqmod/xml/related_options.xml
   id        : Связанные опции
   version   : 1.67
   vqmver    : 2.X
   author    : opencart@19th19th.ru

File Name    : /system/library/cart.php(0)
VQModObject::applyMod - SEARCH NOT FOUND (ABORTING MOD): $price = $product_query->row['price'];

----------------------------------------------------------------------


---------- Date: 2017-04-04 16:26:23 ~ IP : 77.68.13.169 ----------
REQUEST URI : /contact-us/
MOD DETAILS:
   modFile   : /var/www/u0155139/data/www/krep-stroy.ru/vqmod/xml/related_options.xml
   id        : Связанные опции
   version   : 1.67
   vqmver    : 2.X
   author    : opencart@19th19th.ru

File Name    : /system/library/cart.php(0)
VQModObject::applyMod - SEARCH NOT FOUND (ABORTING MOD): $price = $product_query->row['price'];

----------------------------------------------------------------------


---------- Date: 2017-04-04 16:26:26 ~ IP : 77.68.13.169 ----------
REQUEST URI : /contact-us
MOD DETAILS:
   modFile   : /var/www/u0155139/data/www/krep-stroy.ru/vqmod/xml/related_options.xml
   id        : Связанные опции
   version   : 1.67
   vqmver    : 2.X
   author    : opencart@19th19th.ru

File Name    : /system/library/cart.php(0)
VQModObject::applyMod - SEARCH NOT FOUND (ABORTING MOD): $price = $product_query->row['price'];

----------------------------------------------------------------------


---------- Date: 2017-04-04 16:26:26 ~ IP : 77.68.13.169 ----------
REQUEST URI : /index.php?route=information/contact/captcha
MOD DETAILS:
   modFile   : /var/www/u0155139/data/www/krep-stroy.ru/vqmod/xml/related_options.xml
   id        : Связанные опции
   version   : 1.67
   vqmver    : 2.X
   author    : opencart@19th19th.ru

File Name    : /system/library/cart.php(0)
VQModObject::applyMod - SEARCH NOT FOUND (ABORTING MOD): $price = $product_query->row['price'];

----------------------------------------------------------------------


---------- Date: 2017-04-04 16:26:27 ~ IP : 77.68.13.169 ----------
REQUEST URI : /contact-us
MOD DETAILS:
   modFile   : /var/www/u0155139/data/www/krep-stroy.ru/vqmod/xml/related_options.xml
   id        : Связанные опции
   version   : 1.67
   vqmver    : 2.X
   author    : opencart@19th19th.ru

File Name    : /system/library/cart.php(0)
VQModObject::applyMod - SEARCH NOT FOUND (ABORTING MOD): $price = $product_query->row['price'];

----------------------------------------------------------------------


---------- Date: 2017-04-04 16:26:28 ~ IP : 77.68.13.169 ----------
REQUEST URI : /index.php?route=information/contact/success
MOD DETAILS:
   modFile   : /var/www/u0155139/data/www/krep-stroy.ru/vqmod/xml/related_options.xml
   id        : Связанные опции
   version   : 1.67
   vqmver    : 2.X
   author    : opencart@19th19th.ru

File Name    : /system/library/cart.php(0)
VQModObject::applyMod - SEARCH NOT FOUND (ABORTING MOD): $price = $product_query->row['price'];

MOD DETAILS:
   modFile   : /var/www/u0155139/data/www/krep-stroy.ru/vqmod/xml/bread crumbs.xml
   id        : Bread crumbs
   version   : 1.0
   vqmver    : 2.4.1
   author    : AnOcToJI

File Name    : catalog/view/theme/*/template/common/success.tpl(0)
VQModObject::applyMod - SEARCH NOT FOUND (ABORTING MOD): <?php foreach ($breadcrumbs as $breadcrumb) { ?>

----------------------------------------------------------------------


---------- Date: 2017-04-04 16:37:35 ~ IP : 176.8.251.60 ----------
REQUEST URI : /instrument-i-oborudovanie/stanki/pily-montazhnye/pila-montazhnaya-lc1230-makita-pila-montazhnaya-lc1230-makit/
MOD DETAILS:
   modFile   : /var/www/u0155139/data/www/krep-stroy.ru/vqmod/xml/related_options.xml
   id        : Связанные опции
   version   : 1.67
   vqmver    : 2.X
   author    : opencart@19th19th.ru

File Name    : /system/library/cart.php(0)
VQModObject::applyMod - SEARCH NOT FOUND (ABORTING MOD): $price = $product_query->row['price'];

----------------------------------------------------------------------


---------- Date: 2017-04-04 16:37:35 ~ IP : 176.8.251.60 ----------
REQUEST URI : /instrument-i-oborudovanie/stanki/pily-montazhnye/pila-montazhnaya-lc1230-makita-pila-montazhnaya-lc1230-makit/
MOD DETAILS:
   modFile   : /var/www/u0155139/data/www/krep-stroy.ru/vqmod/xml/related_options.xml
   id        : Связанные опции
   version   : 1.67
   vqmver    : 2.X
   author    : opencart@19th19th.ru

File Name    : /system/library/cart.php(0)
VQModObject::applyMod - SEARCH NOT FOUND (ABORTING MOD): $price = $product_query->row['price'];

----------------------------------------------------------------------


---------- Date: 2017-04-04 16:37:36 ~ IP : 176.8.251.60 ----------
REQUEST URI : /instrument-i-oborudovanie/stanki/pily-montazhnye/pila-montazhnaya-lc1230-makita-pila-montazhnaya-lc1230-makit/
MOD DETAILS:
   modFile   : /var/www/u0155139/data/www/krep-stroy.ru/vqmod/xml/related_options.xml
   id        : Связанные опции
   version   : 1.67
   vqmver    : 2.X
   author    : opencart@19th19th.ru

File Name    : /system/library/cart.php(0)
VQModObject::applyMod - SEARCH NOT FOUND (ABORTING MOD): $price = $product_query->row['price'];

----------------------------------------------------------------------


---------- Date: 2017-04-04 16:41:29 ~ IP : 66.249.66.95 ----------
REQUEST URI : /instrument-i-oborudovanie/generatory-i-motopompy/generatory-benzinovye-3-faznye/generator-bes-12500etmk-elitech-generator-bes-12500etmk-elit
MOD DETAILS:
   modFile   : /var/www/u0155139/data/www/krep-stroy.ru/vqmod/xml/related_options.xml
   id        : Связанные опции
   version   : 1.67
   vqmver    : 2.X
   author    : opencart@19th19th.ru

File Name    : /system/library/cart.php(0)
VQModObject::applyMod - SEARCH NOT FOUND (ABORTING MOD): $price = $product_query->row['price'];

----------------------------------------------------------------------


---------- Date: 2017-04-04 17:04:37 ~ IP : 195.182.94.10 ----------
REQUEST URI : /contact-us/
MOD DETAILS:
   modFile   : /var/www/u0155139/data/www/krep-stroy.ru/vqmod/xml/related_options.xml
   id        : Связанные опции
   version   : 1.67
   vqmver    : 2.X
   author    : opencart@19th19th.ru

File Name    : /system/library/cart.php(0)
VQModObject::applyMod - SEARCH NOT FOUND (ABORTING MOD): $price = $product_query->row['price'];

----------------------------------------------------------------------


---------- Date: 2017-04-04 17:04:38 ~ IP : 195.182.94.10 ----------
REQUEST URI : /contact-us
MOD DETAILS:
   modFile   : /var/www/u0155139/data/www/krep-stroy.ru/vqmod/xml/related_options.xml
   id        : Связанные опции
   version   : 1.67
   vqmver    : 2.X
   author    : opencart@19th19th.ru

File Name    : /system/library/cart.php(0)
VQModObject::applyMod - SEARCH NOT FOUND (ABORTING MOD): $price = $product_query->row['price'];

----------------------------------------------------------------------


---------- Date: 2017-04-04 17:04:39 ~ IP : 195.182.94.10 ----------
REQUEST URI : /index.php?route=information/contact/captcha
MOD DETAILS:
   modFile   : /var/www/u0155139/data/www/krep-stroy.ru/vqmod/xml/related_options.xml
   id        : Связанные опции
   version   : 1.67
   vqmver    : 2.X
   author    : opencart@19th19th.ru

File Name    : /system/library/cart.php(0)
VQModObject::applyMod - SEARCH NOT FOUND (ABORTING MOD): $price = $product_query->row['price'];

----------------------------------------------------------------------


---------- Date: 2017-04-04 17:04:41 ~ IP : 195.182.94.10 ----------
REQUEST URI : /contact-us
MOD DETAILS:
   modFile   : /var/www/u0155139/data/www/krep-stroy.ru/vqmod/xml/related_options.xml
   id        : Связанные опции
   version   : 1.67
   vqmver    : 2.X
   author    : opencart@19th19th.ru

File Name    : /system/library/cart.php(0)
VQModObject::applyMod - SEARCH NOT FOUND (ABORTING MOD): $price = $product_query->row['price'];

----------------------------------------------------------------------


---------- Date: 2017-04-04 17:04:42 ~ IP : 195.182.94.10 ----------
REQUEST URI : /index.php?route=information/contact/success
MOD DETAILS:
   modFile   : /var/www/u0155139/data/www/krep-stroy.ru/vqmod/xml/related_options.xml
   id        : Связанные опции
   version   : 1.67
   vqmver    : 2.X
   author    : opencart@19th19th.ru

File Name    : /system/library/cart.php(0)
VQModObject::applyMod - SEARCH NOT FOUND (ABORTING MOD): $price = $product_query->row['price'];

MOD DETAILS:
   modFile   : /var/www/u0155139/data/www/krep-stroy.ru/vqmod/xml/bread crumbs.xml
   id        : Bread crumbs
   version   : 1.0
   vqmver    : 2.4.1
   author    : AnOcToJI

File Name    : catalog/view/theme/*/template/common/success.tpl(0)
VQModObject::applyMod - SEARCH NOT FOUND (ABORTING MOD): <?php foreach ($breadcrumbs as $breadcrumb) { ?>

----------------------------------------------------------------------


---------- Date: 2017-04-04 18:18:36 ~ IP : 5.228.253.180 ----------
REQUEST URI : /instrument-i-oborudovanie/ruchnoj-instrument/izmeritelnyj-instrument/shtativy-misheni-pricely/shtativ-2210000100-elitech-shtativ-2210000100-elitech-shtati
MOD DETAILS:
   modFile   : /var/www/u0155139/data/www/krep-stroy.ru/vqmod/xml/related_options.xml
   id        : Связанные опции
   version   : 1.67
   vqmver    : 2.X
   author    : opencart@19th19th.ru

File Name    : /system/library/cart.php(0)
VQModObject::applyMod - SEARCH NOT FOUND (ABORTING MOD): $price = $product_query->row['price'];

----------------------------------------------------------------------


---------- Date: 2017-04-04 18:18:42 ~ IP : 5.228.253.180 ----------
REQUEST URI : /index.php?route=product/product/review&amp;product_id=3000
MOD DETAILS:
   modFile   : /var/www/u0155139/data/www/krep-stroy.ru/vqmod/xml/related_options.xml
   id        : Связанные опции
   version   : 1.67
   vqmver    : 2.X
   author    : opencart@19th19th.ru

File Name    : /system/library/cart.php(0)
VQModObject::applyMod - SEARCH NOT FOUND (ABORTING MOD): $price = $product_query->row['price'];

----------------------------------------------------------------------


---------- Date: 2017-04-04 18:18:42 ~ IP : 5.228.253.180 ----------
REQUEST URI : /index.php?route=product/product/captcha
MOD DETAILS:
   modFile   : /var/www/u0155139/data/www/krep-stroy.ru/vqmod/xml/related_options.xml
   id        : Связанные опции
   version   : 1.67
   vqmver    : 2.X
   author    : opencart@19th19th.ru

File Name    : /system/library/cart.php(0)
VQModObject::applyMod - SEARCH NOT FOUND (ABORTING MOD): $price = $product_query->row['price'];

----------------------------------------------------------------------


---------- Date: 2017-04-04 18:19:16 ~ IP : 5.228.253.180 ----------
REQUEST URI : /dostavka
MOD DETAILS:
   modFile   : /var/www/u0155139/data/www/krep-stroy.ru/vqmod/xml/related_options.xml
   id        : Связанные опции
   version   : 1.67
   vqmver    : 2.X
   author    : opencart@19th19th.ru

File Name    : /system/library/cart.php(0)
VQModObject::applyMod - SEARCH NOT FOUND (ABORTING MOD): $price = $product_query->row['price'];

----------------------------------------------------------------------


---------- Date: 2017-04-04 18:20:17 ~ IP : 5.228.253.180 ----------
REQUEST URI : /instrument-i-oborudovanie/ruchnoj-instrument/izmeritelnyj-instrument/shtativy-misheni-pricely/shtativ-2210000100-elitech-shtativ-2210000100-elitech-shtati
MOD DETAILS:
   modFile   : /var/www/u0155139/data/www/krep-stroy.ru/vqmod/xml/related_options.xml
   id        : Связанные опции
   version   : 1.67
   vqmver    : 2.X
   author    : opencart@19th19th.ru

File Name    : /system/library/cart.php(0)
VQModObject::applyMod - SEARCH NOT FOUND (ABORTING MOD): $price = $product_query->row['price'];

----------------------------------------------------------------------


---------- Date: 2017-04-04 18:20:18 ~ IP : 5.228.253.180 ----------
REQUEST URI : /index.php?route=product/product/captcha
MOD DETAILS:
   modFile   : /var/www/u0155139/data/www/krep-stroy.ru/vqmod/xml/related_options.xml
   id        : Связанные опции
   version   : 1.67
   vqmver    : 2.X
   author    : opencart@19th19th.ru

File Name    : /system/library/cart.php(0)
VQModObject::applyMod - SEARCH NOT FOUND (ABORTING MOD): $price = $product_query->row['price'];

----------------------------------------------------------------------


---------- Date: 2017-04-04 18:20:18 ~ IP : 5.228.253.180 ----------
REQUEST URI : /index.php?route=product/product/review&amp;product_id=3000
MOD DETAILS:
   modFile   : /var/www/u0155139/data/www/krep-stroy.ru/vqmod/xml/related_options.xml
   id        : Связанные опции
   version   : 1.67
   vqmver    : 2.X
   author    : opencart@19th19th.ru

File Name    : /system/library/cart.php(0)
VQModObject::applyMod - SEARCH NOT FOUND (ABORTING MOD): $price = $product_query->row['price'];

----------------------------------------------------------------------


---------- Date: 2017-04-04 18:47:34 ~ IP : 37.187.109.49 ----------
REQUEST URI : /
MOD DETAILS:
   modFile   : /var/www/u0155139/data/www/krep-stroy.ru/vqmod/xml/related_options.xml
   id        : Связанные опции
   version   : 1.67
   vqmver    : 2.X
   author    : opencart@19th19th.ru

File Name    : /system/library/cart.php(0)
VQModObject::applyMod - SEARCH NOT FOUND (ABORTING MOD): $price = $product_query->row['price'];

----------------------------------------------------------------------


---------- Date: 2017-04-04 21:06:41 ~ IP : 37.208.66.132 ----------
REQUEST URI : /reviews?articles_id=1
MOD DETAILS:
   modFile   : /var/www/u0155139/data/www/krep-stroy.ru/vqmod/xml/related_options.xml
   id        : Связанные опции
   version   : 1.67
   vqmver    : 2.X
   author    : opencart@19th19th.ru

File Name    : /system/library/cart.php(0)
VQModObject::applyMod - SEARCH NOT FOUND (ABORTING MOD): $price = $product_query->row['price'];

----------------------------------------------------------------------


---------- Date: 2017-04-04 21:54:33 ~ IP : 66.249.76.77 ----------
REQUEST URI : /pechi-kaminy/kaminy/kaminnaya-topka-lk-agnia-kaminnaya-topka-lk-agnia-lk-pechi-k
MOD DETAILS:
   modFile   : /var/www/u0155139/data/www/krep-stroy.ru/vqmod/xml/related_options.xml
   id        : Связанные опции
   version   : 1.67
   vqmver    : 2.X
   author    : opencart@19th19th.ru

File Name    : /system/library/cart.php(0)
VQModObject::applyMod - SEARCH NOT FOUND (ABORTING MOD): $price = $product_query->row['price'];

----------------------------------------------------------------------


---------- Date: 2017-04-04 22:49:26 ~ IP : 94.198.98.17 ----------
REQUEST URI : /
MOD DETAILS:
   modFile   : /var/www/u0155139/data/www/krep-stroy.ru/vqmod/xml/related_options.xml
   id        : Связанные опции
   version   : 1.67
   vqmver    : 2.X
   author    : opencart@19th19th.ru

File Name    : /system/library/cart.php(0)
VQModObject::applyMod - SEARCH NOT FOUND (ABORTING MOD): $price = $product_query->row['price'];

----------------------------------------------------------------------


---------- Date: 2017-04-04 23:22:06 ~ IP : 5.166.70.192 ----------
REQUEST URI : /instrument-i-oborudovanie/elektroinstrument/shlifmashiny/shlifmashina-ugl-ga4541r-makita-shlifmashina-ugl-ga4541r-mak
MOD DETAILS:
   modFile   : /var/www/u0155139/data/www/krep-stroy.ru/vqmod/xml/related_options.xml
   id        : Связанные опции
   version   : 1.67
   vqmver    : 2.X
   author    : opencart@19th19th.ru

File Name    : /system/library/cart.php(0)
VQModObject::applyMod - SEARCH NOT FOUND (ABORTING MOD): $price = $product_query->row['price'];

----------------------------------------------------------------------


---------- Date: 2017-04-04 23:22:08 ~ IP : 5.166.70.192 ----------
REQUEST URI : /index.php?route=product/product/review&amp;product_id=3333
MOD DETAILS:
   modFile   : /var/www/u0155139/data/www/krep-stroy.ru/vqmod/xml/related_options.xml
   id        : Связанные опции
   version   : 1.67
   vqmver    : 2.X
   author    : opencart@19th19th.ru

File Name    : /system/library/cart.php(0)
VQModObject::applyMod - SEARCH NOT FOUND (ABORTING MOD): $price = $product_query->row['price'];

----------------------------------------------------------------------


---------- Date: 2017-04-04 23:22:08 ~ IP : 5.166.70.192 ----------
REQUEST URI : /index.php?route=product/product/captcha
MOD DETAILS:
   modFile   : /var/www/u0155139/data/www/krep-stroy.ru/vqmod/xml/related_options.xml
   id        : Связанные опции
   version   : 1.67
   vqmver    : 2.X
   author    : opencart@19th19th.ru

File Name    : /system/library/cart.php(0)
VQModObject::applyMod - SEARCH NOT FOUND (ABORTING MOD): $price = $product_query->row['price'];

----------------------------------------------------------------------


---------- Date: 2017-04-04 23:23:11 ~ IP : 46.118.122.226 ----------
REQUEST URI : /pechi-kaminy/kaminnaya-oblicovka-lk-elit-uglovaya-kaminnaya-oblicovka-lk/
MOD DETAILS:
   modFile   : /var/www/u0155139/data/www/krep-stroy.ru/vqmod/xml/related_options.xml
   id        : Связанные опции
   version   : 1.67
   vqmver    : 2.X
   author    : opencart@19th19th.ru

File Name    : /system/library/cart.php(0)
VQModObject::applyMod - SEARCH NOT FOUND (ABORTING MOD): $price = $product_query->row['price'];

----------------------------------------------------------------------


---------- Date: 2017-04-04 23:23:12 ~ IP : 46.118.122.226 ----------
REQUEST URI : /pechi-kaminy/kaminnaya-oblicovka-lk-elit-uglovaya-kaminnaya-oblicovka-lk/
MOD DETAILS:
   modFile   : /var/www/u0155139/data/www/krep-stroy.ru/vqmod/xml/related_options.xml
   id        : Связанные опции
   version   : 1.67
   vqmver    : 2.X
   author    : opencart@19th19th.ru

File Name    : /system/library/cart.php(0)
VQModObject::applyMod - SEARCH NOT FOUND (ABORTING MOD): $price = $product_query->row['price'];

----------------------------------------------------------------------


---------- Date: 2017-04-04 23:44:45 ~ IP : 178.154.189.15 ----------
REQUEST URI : /index.php?route=product/product&amp;path=96_163&amp;product_id=4124
MOD DETAILS:
   modFile   : /var/www/u0155139/data/www/krep-stroy.ru/vqmod/xml/related_options.xml
   id        : Связанные опции
   version   : 1.67
   vqmver    : 2.X
   author    : opencart@19th19th.ru

File Name    : /system/library/cart.php(0)
VQModObject::applyMod - SEARCH NOT FOUND (ABORTING MOD): $price = $product_query->row['price'];

----------------------------------------------------------------------


---------- Date: 2017-04-04 23:44:51 ~ IP : 95.108.179.3 ----------
REQUEST URI : /pechi-kaminy/kotly-otopitelnye/tverdotoplivnyj-kotel-vodyanogo-otopleniya-sibir-gefest-kvo-1
MOD DETAILS:
   modFile   : /var/www/u0155139/data/www/krep-stroy.ru/vqmod/xml/related_options.xml
   id        : Связанные опции
   version   : 1.67
   vqmver    : 2.X
   author    : opencart@19th19th.ru

File Name    : /system/library/cart.php(0)
VQModObject::applyMod - SEARCH NOT FOUND (ABORTING MOD): $price = $product_query->row['price'];

----------------------------------------------------------------------


---------- Date: 2017-04-04 23:51:04 ~ IP : 66.249.76.81 ----------
REQUEST URI : /index.php?route=product/manufacturer/info&amp;manufacturer_id=31
MOD DETAILS:
   modFile   : /var/www/u0155139/data/www/krep-stroy.ru/vqmod/xml/related_options.xml
   id        : Связанные опции
   version   : 1.67
   vqmver    : 2.X
   author    : opencart@19th19th.ru

File Name    : /system/library/cart.php(0)
VQModObject::applyMod - SEARCH NOT FOUND (ABORTING MOD): $price = $product_query->row['price'];

----------------------------------------------------------------------


